mode: set
github.com/varobledo_meli/W17-G10-Bootcamp.git/internal/repository/employee/employee.go:32.65,34.2 1 1
github.com/varobledo_meli/W17-G10-Bootcamp.git/internal/repository/employee/employee.go:37.109,39.16 2 1
github.com/varobledo_meli/W17-G10-Bootcamp.git/internal/repository/employee/employee.go:39.16,41.3 1 1
github.com/varobledo_meli/W17-G10-Bootcamp.git/internal/repository/employee/employee.go:42.2,43.16 2 1
github.com/varobledo_meli/W17-G10-Bootcamp.git/internal/repository/employee/employee.go:43.16,45.3 1 1
github.com/varobledo_meli/W17-G10-Bootcamp.git/internal/repository/employee/employee.go:46.2,47.15 2 1
github.com/varobledo_meli/W17-G10-Bootcamp.git/internal/repository/employee/employee.go:51.122,55.35 4 1
github.com/varobledo_meli/W17-G10-Bootcamp.git/internal/repository/employee/employee.go:55.35,57.3 1 1
github.com/varobledo_meli/W17-G10-Bootcamp.git/internal/repository/employee/employee.go:58.2,58.16 1 1
github.com/varobledo_meli/W17-G10-Bootcamp.git/internal/repository/employee/employee.go:58.16,60.3 1 1
github.com/varobledo_meli/W17-G10-Bootcamp.git/internal/repository/employee/employee.go:61.2,61.15 1 1
github.com/varobledo_meli/W17-G10-Bootcamp.git/internal/repository/employee/employee.go:65.92,67.16 2 0
github.com/varobledo_meli/W17-G10-Bootcamp.git/internal/repository/employee/employee.go:67.16,69.3 1 0
github.com/varobledo_meli/W17-G10-Bootcamp.git/internal/repository/employee/employee.go:70.2,73.18 3 0
github.com/varobledo_meli/W17-G10-Bootcamp.git/internal/repository/employee/employee.go:73.18,75.102 2 0
github.com/varobledo_meli/W17-G10-Bootcamp.git/internal/repository/employee/employee.go:75.102,77.4 1 0
github.com/varobledo_meli/W17-G10-Bootcamp.git/internal/repository/employee/employee.go:78.3,78.35 1 0
github.com/varobledo_meli/W17-G10-Bootcamp.git/internal/repository/employee/employee.go:80.2,80.35 1 0
github.com/varobledo_meli/W17-G10-Bootcamp.git/internal/repository/employee/employee.go:80.35,82.3 1 0
github.com/varobledo_meli/W17-G10-Bootcamp.git/internal/repository/employee/employee.go:83.2,83.23 1 0
github.com/varobledo_meli/W17-G10-Bootcamp.git/internal/repository/employee/employee.go:87.99,91.35 4 1
github.com/varobledo_meli/W17-G10-Bootcamp.git/internal/repository/employee/employee.go:91.35,93.3 1 1
github.com/varobledo_meli/W17-G10-Bootcamp.git/internal/repository/employee/employee.go:94.2,94.16 1 1
github.com/varobledo_meli/W17-G10-Bootcamp.git/internal/repository/employee/employee.go:94.16,96.3 1 1
github.com/varobledo_meli/W17-G10-Bootcamp.git/internal/repository/employee/employee.go:97.2,97.15 1 1
github.com/varobledo_meli/W17-G10-Bootcamp.git/internal/repository/employee/employee.go:101.97,103.16 2 1
github.com/varobledo_meli/W17-G10-Bootcamp.git/internal/repository/employee/employee.go:103.16,105.3 1 1
github.com/varobledo_meli/W17-G10-Bootcamp.git/internal/repository/employee/employee.go:106.2,106.12 1 1
github.com/varobledo_meli/W17-G10-Bootcamp.git/internal/repository/employee/employee.go:110.77,112.16 2 1
github.com/varobledo_meli/W17-G10-Bootcamp.git/internal/repository/employee/employee.go:112.16,114.3 1 1
github.com/varobledo_meli/W17-G10-Bootcamp.git/internal/repository/employee/employee.go:115.2,116.16 2 1
github.com/varobledo_meli/W17-G10-Bootcamp.git/internal/repository/employee/employee.go:116.16,118.3 1 1
github.com/varobledo_meli/W17-G10-Bootcamp.git/internal/repository/employee/employee.go:119.2,119.15 1 1
github.com/varobledo_meli/W17-G10-Bootcamp.git/internal/repository/employee/employee.go:119.15,121.3 1 1
github.com/varobledo_meli/W17-G10-Bootcamp.git/internal/repository/employee/employee.go:122.2,122.12 1 1
