mode: set
github.com/varobledo_meli/W17-G10-Bootcamp.git/cmd/main.go:12.13,13.40 1 0
github.com/varobledo_meli/W17-G10-Bootcamp.git/cmd/main.go:13.40,15.3 1 0
github.com/varobledo_meli/W17-G10-Bootcamp.git/cmd/main.go:18.2,19.16 2 0
github.com/varobledo_meli/W17-G10-Bootcamp.git/cmd/main.go:19.16,22.3 2 0
github.com/varobledo_meli/W17-G10-Bootcamp.git/cmd/main.go:23.2,32.39 4 0
github.com/varobledo_meli/W17-G10-Bootcamp.git/cmd/main.go:32.39,35.3 2 0
github.com/varobledo_meli/W17-G10-Bootcamp.git/cmd/server/server.go:18.52,22.43 2 0
github.com/varobledo_meli/W17-G10-Bootcamp.git/cmd/server/server.go:22.43,24.3 1 0
github.com/varobledo_meli/W17-G10-Bootcamp.git/cmd/server/server.go:25.2,27.3 1 0
github.com/varobledo_meli/W17-G10-Bootcamp.git/cmd/server/server.go:35.52,42.16 6 0
github.com/varobledo_meli/W17-G10-Bootcamp.git/cmd/server/server.go:42.16,44.3 1 0
github.com/varobledo_meli/W17-G10-Bootcamp.git/cmd/server/server.go:45.2,52.16 8 0
github.com/varobledo_meli/W17-G10-Bootcamp.git/cmd/server/server.go:52.16,54.3 1 0
github.com/varobledo_meli/W17-G10-Bootcamp.git/cmd/server/server.go:57.2,91.12 28 0
github.com/varobledo_meli/W17-G10-Bootcamp.git/internal/database/mysql_conn.go:11.43,13.19 2 0
github.com/varobledo_meli/W17-G10-Bootcamp.git/internal/database/mysql_conn.go:13.19,15.3 1 0
github.com/varobledo_meli/W17-G10-Bootcamp.git/internal/database/mysql_conn.go:17.2,18.16 2 0
github.com/varobledo_meli/W17-G10-Bootcamp.git/internal/database/mysql_conn.go:18.16,20.3 1 0
github.com/varobledo_meli/W17-G10-Bootcamp.git/internal/database/mysql_conn.go:22.2,22.16 1 0
github.com/varobledo_meli/W17-G10-Bootcamp.git/internal/handler/buyer.go:19.61,21.2 1 0
github.com/varobledo_meli/W17-G10-Bootcamp.git/internal/handler/buyer.go:23.71,27.52 3 0
github.com/varobledo_meli/W17-G10-Bootcamp.git/internal/handler/buyer.go:27.52,30.3 2 0
github.com/varobledo_meli/W17-G10-Bootcamp.git/internal/handler/buyer.go:32.2,33.60 2 0
github.com/varobledo_meli/W17-G10-Bootcamp.git/internal/handler/buyer.go:33.60,36.3 2 0
github.com/varobledo_meli/W17-G10-Bootcamp.git/internal/handler/buyer.go:38.2,39.16 2 0
github.com/varobledo_meli/W17-G10-Bootcamp.git/internal/handler/buyer.go:39.16,42.3 2 0
github.com/varobledo_meli/W17-G10-Bootcamp.git/internal/handler/buyer.go:44.2,44.41 1 0
github.com/varobledo_meli/W17-G10-Bootcamp.git/internal/handler/buyer.go:47.71,51.16 3 0
github.com/varobledo_meli/W17-G10-Bootcamp.git/internal/handler/buyer.go:51.16,54.3 2 0
github.com/varobledo_meli/W17-G10-Bootcamp.git/internal/handler/buyer.go:56.2,57.52 2 0
github.com/varobledo_meli/W17-G10-Bootcamp.git/internal/handler/buyer.go:57.52,60.3 2 0
github.com/varobledo_meli/W17-G10-Bootcamp.git/internal/handler/buyer.go:62.2,62.59 1 0
github.com/varobledo_meli/W17-G10-Bootcamp.git/internal/handler/buyer.go:62.59,65.3 2 0
github.com/varobledo_meli/W17-G10-Bootcamp.git/internal/handler/buyer.go:66.2,66.66 1 0
github.com/varobledo_meli/W17-G10-Bootcamp.git/internal/handler/buyer.go:66.66,69.3 2 0
github.com/varobledo_meli/W17-G10-Bootcamp.git/internal/handler/buyer.go:71.2,72.16 2 0
github.com/varobledo_meli/W17-G10-Bootcamp.git/internal/handler/buyer.go:72.16,75.3 2 0
github.com/varobledo_meli/W17-G10-Bootcamp.git/internal/handler/buyer.go:77.2,77.42 1 0
github.com/varobledo_meli/W17-G10-Bootcamp.git/internal/handler/buyer.go:80.71,84.16 3 0
github.com/varobledo_meli/W17-G10-Bootcamp.git/internal/handler/buyer.go:84.16,87.3 2 0
github.com/varobledo_meli/W17-G10-Bootcamp.git/internal/handler/buyer.go:89.2,89.45 1 0
github.com/varobledo_meli/W17-G10-Bootcamp.git/internal/handler/buyer.go:89.45,92.3 2 0
github.com/varobledo_meli/W17-G10-Bootcamp.git/internal/handler/buyer.go:94.2,94.45 1 0
github.com/varobledo_meli/W17-G10-Bootcamp.git/internal/handler/buyer.go:97.72,101.16 3 0
github.com/varobledo_meli/W17-G10-Bootcamp.git/internal/handler/buyer.go:101.16,104.3 2 0
github.com/varobledo_meli/W17-G10-Bootcamp.git/internal/handler/buyer.go:106.2,106.41 1 0
github.com/varobledo_meli/W17-G10-Bootcamp.git/internal/handler/buyer.go:109.73,113.16 3 0
github.com/varobledo_meli/W17-G10-Bootcamp.git/internal/handler/buyer.go:113.16,116.3 2 0
github.com/varobledo_meli/W17-G10-Bootcamp.git/internal/handler/buyer.go:118.2,119.16 2 0
github.com/varobledo_meli/W17-G10-Bootcamp.git/internal/handler/buyer.go:119.16,122.3 2 0
github.com/varobledo_meli/W17-G10-Bootcamp.git/internal/handler/buyer.go:124.2,124.36 1 0
github.com/varobledo_meli/W17-G10-Bootcamp.git/internal/handler/carry.go:14.61,16.2 1 0
github.com/varobledo_meli/W17-G10-Bootcamp.git/internal/handler/carry.go:23.71,25.46 2 0
github.com/varobledo_meli/W17-G10-Bootcamp.git/internal/handler/carry.go:25.46,28.3 2 0
github.com/varobledo_meli/W17-G10-Bootcamp.git/internal/handler/carry.go:30.2,30.67 1 0
github.com/varobledo_meli/W17-G10-Bootcamp.git/internal/handler/carry.go:30.67,33.3 2 0
github.com/varobledo_meli/W17-G10-Bootcamp.git/internal/handler/carry.go:35.2,38.16 3 0
github.com/varobledo_meli/W17-G10-Bootcamp.git/internal/handler/carry.go:38.16,41.3 2 0
github.com/varobledo_meli/W17-G10-Bootcamp.git/internal/handler/carry.go:43.2,43.64 1 0
github.com/varobledo_meli/W17-G10-Bootcamp.git/internal/handler/carry.go:46.78,49.19 3 0
github.com/varobledo_meli/W17-G10-Bootcamp.git/internal/handler/carry.go:49.19,51.3 1 0
github.com/varobledo_meli/W17-G10-Bootcamp.git/internal/handler/carry.go:53.2,54.16 2 0
github.com/varobledo_meli/W17-G10-Bootcamp.git/internal/handler/carry.go:54.16,57.3 2 0
github.com/varobledo_meli/W17-G10-Bootcamp.git/internal/handler/carry.go:59.2,59.41 1 0
github.com/varobledo_meli/W17-G10-Bootcamp.git/internal/handler/employee.go:22.69,24.2 1 0
github.com/varobledo_meli/W17-G10-Bootcamp.git/internal/handler/employee.go:27.74,29.46 2 0
github.com/varobledo_meli/W17-G10-Bootcamp.git/internal/handler/employee.go:29.46,32.3 2 0
github.com/varobledo_meli/W17-G10-Bootcamp.git/internal/handler/employee.go:34.2,39.28 2 0
github.com/varobledo_meli/W17-G10-Bootcamp.git/internal/handler/employee.go:39.28,41.3 1 0
github.com/varobledo_meli/W17-G10-Bootcamp.git/internal/handler/employee.go:41.8,43.3 1 0
github.com/varobledo_meli/W17-G10-Bootcamp.git/internal/handler/employee.go:45.2,46.16 2 0
github.com/varobledo_meli/W17-G10-Bootcamp.git/internal/handler/employee.go:46.16,49.3 2 0
github.com/varobledo_meli/W17-G10-Bootcamp.git/internal/handler/employee.go:51.2,52.51 2 0
github.com/varobledo_meli/W17-G10-Bootcamp.git/internal/handler/employee.go:56.74,58.16 2 0
github.com/varobledo_meli/W17-G10-Bootcamp.git/internal/handler/employee.go:58.16,61.3 2 0
github.com/varobledo_meli/W17-G10-Bootcamp.git/internal/handler/employee.go:62.2,62.25 1 0
github.com/varobledo_meli/W17-G10-Bootcamp.git/internal/handler/employee.go:62.25,66.3 2 0
github.com/varobledo_meli/W17-G10-Bootcamp.git/internal/handler/employee.go:67.2,68.32 2 0
github.com/varobledo_meli/W17-G10-Bootcamp.git/internal/handler/employee.go:68.32,70.3 1 0
github.com/varobledo_meli/W17-G10-Bootcamp.git/internal/handler/employee.go:71.2,71.47 1 0
github.com/varobledo_meli/W17-G10-Bootcamp.git/internal/handler/employee.go:75.75,78.16 3 0
github.com/varobledo_meli/W17-G10-Bootcamp.git/internal/handler/employee.go:78.16,81.3 2 0
github.com/varobledo_meli/W17-G10-Bootcamp.git/internal/handler/employee.go:82.2,83.16 2 0
github.com/varobledo_meli/W17-G10-Bootcamp.git/internal/handler/employee.go:83.16,86.3 2 0
github.com/varobledo_meli/W17-G10-Bootcamp.git/internal/handler/employee.go:87.2,88.46 2 0
github.com/varobledo_meli/W17-G10-Bootcamp.git/internal/handler/employee.go:92.74,95.16 3 0
github.com/varobledo_meli/W17-G10-Bootcamp.git/internal/handler/employee.go:95.16,98.3 2 0
github.com/varobledo_meli/W17-G10-Bootcamp.git/internal/handler/employee.go:99.2,102.43 4 0
github.com/varobledo_meli/W17-G10-Bootcamp.git/internal/handler/employee.go:102.43,105.3 2 0
github.com/varobledo_meli/W17-G10-Bootcamp.git/internal/handler/employee.go:106.2,107.16 2 0
github.com/varobledo_meli/W17-G10-Bootcamp.git/internal/handler/employee.go:107.16,110.3 2 0
github.com/varobledo_meli/W17-G10-Bootcamp.git/internal/handler/employee.go:111.2,112.46 2 0
github.com/varobledo_meli/W17-G10-Bootcamp.git/internal/handler/employee.go:116.74,119.16 3 0
github.com/varobledo_meli/W17-G10-Bootcamp.git/internal/handler/employee.go:119.16,122.3 2 0
github.com/varobledo_meli/W17-G10-Bootcamp.git/internal/handler/employee.go:123.2,123.58 1 0
github.com/varobledo_meli/W17-G10-Bootcamp.git/internal/handler/employee.go:123.58,126.3 2 0
github.com/varobledo_meli/W17-G10-Bootcamp.git/internal/handler/employee.go:127.2,127.37 1 0
github.com/varobledo_meli/W17-G10-Bootcamp.git/internal/handler/geography.go:19.73,23.2 1 0
github.com/varobledo_meli/W17-G10-Bootcamp.git/internal/handler/geography.go:27.75,31.52 3 0
github.com/varobledo_meli/W17-G10-Bootcamp.git/internal/handler/geography.go:31.52,34.3 2 0
github.com/varobledo_meli/W17-G10-Bootcamp.git/internal/handler/geography.go:36.2,37.16 2 0
github.com/varobledo_meli/W17-G10-Bootcamp.git/internal/handler/geography.go:37.16,40.3 2 0
github.com/varobledo_meli/W17-G10-Bootcamp.git/internal/handler/geography.go:42.2,43.16 2 0
github.com/varobledo_meli/W17-G10-Bootcamp.git/internal/handler/geography.go:43.16,46.3 2 0
github.com/varobledo_meli/W17-G10-Bootcamp.git/internal/handler/geography.go:48.2,48.41 1 0
github.com/varobledo_meli/W17-G10-Bootcamp.git/internal/handler/geography.go:54.91,58.14 3 0
github.com/varobledo_meli/W17-G10-Bootcamp.git/internal/handler/geography.go:58.14,60.17 2 0
github.com/varobledo_meli/W17-G10-Bootcamp.git/internal/handler/geography.go:60.17,63.4 2 0
github.com/varobledo_meli/W17-G10-Bootcamp.git/internal/handler/geography.go:64.3,65.9 2 0
github.com/varobledo_meli/W17-G10-Bootcamp.git/internal/handler/geography.go:68.2,69.16 2 0
github.com/varobledo_meli/W17-G10-Bootcamp.git/internal/handler/geography.go:69.16,72.3 2 0
github.com/varobledo_meli/W17-G10-Bootcamp.git/internal/handler/geography.go:74.2,74.36 1 0
github.com/varobledo_meli/W17-G10-Bootcamp.git/internal/handler/inbound_order.go:18.81,20.2 1 0
github.com/varobledo_meli/W17-G10-Bootcamp.git/internal/handler/inbound_order.go:23.78,27.65 2 0
github.com/varobledo_meli/W17-G10-Bootcamp.git/internal/handler/inbound_order.go:27.65,30.3 2 0
github.com/varobledo_meli/W17-G10-Bootcamp.git/internal/handler/inbound_order.go:31.2,32.16 2 0
github.com/varobledo_meli/W17-G10-Bootcamp.git/internal/handler/inbound_order.go:32.16,35.3 2 0
github.com/varobledo_meli/W17-G10-Bootcamp.git/internal/handler/inbound_order.go:36.2,36.47 1 0
github.com/varobledo_meli/W17-G10-Bootcamp.git/internal/handler/inbound_order.go:40.78,42.51 2 0
github.com/varobledo_meli/W17-G10-Bootcamp.git/internal/handler/inbound_order.go:42.51,44.17 2 0
github.com/varobledo_meli/W17-G10-Bootcamp.git/internal/handler/inbound_order.go:44.17,47.4 2 0
github.com/varobledo_meli/W17-G10-Bootcamp.git/internal/handler/inbound_order.go:48.3,48.14 1 0
github.com/varobledo_meli/W17-G10-Bootcamp.git/internal/handler/inbound_order.go:50.2,51.16 2 0
github.com/varobledo_meli/W17-G10-Bootcamp.git/internal/handler/inbound_order.go:51.16,54.3 2 0
github.com/varobledo_meli/W17-G10-Bootcamp.git/internal/handler/inbound_order.go:55.2,55.41 1 0
github.com/varobledo_meli/W17-G10-Bootcamp.git/internal/handler/product.go:16.66,16.100 1 0
github.com/varobledo_meli/W17-G10-Bootcamp.git/internal/handler/product.go:18.73,20.16 2 0
github.com/varobledo_meli/W17-G10-Bootcamp.git/internal/handler/product.go:20.16,23.3 2 0
github.com/varobledo_meli/W17-G10-Bootcamp.git/internal/handler/product.go:25.2,25.39 1 0
github.com/varobledo_meli/W17-G10-Bootcamp.git/internal/handler/product.go:28.73,30.53 2 0
github.com/varobledo_meli/W17-G10-Bootcamp.git/internal/handler/product.go:30.53,33.3 2 0
github.com/varobledo_meli/W17-G10-Bootcamp.git/internal/handler/product.go:35.2,35.62 1 0
github.com/varobledo_meli/W17-G10-Bootcamp.git/internal/handler/product.go:35.62,38.3 2 0
github.com/varobledo_meli/W17-G10-Bootcamp.git/internal/handler/product.go:40.2,43.16 3 0
github.com/varobledo_meli/W17-G10-Bootcamp.git/internal/handler/product.go:43.16,46.3 2 0
github.com/varobledo_meli/W17-G10-Bootcamp.git/internal/handler/product.go:48.2,48.46 1 0
github.com/varobledo_meli/W17-G10-Bootcamp.git/internal/handler/product.go:51.74,53.16 2 0
github.com/varobledo_meli/W17-G10-Bootcamp.git/internal/handler/product.go:53.16,56.3 2 0
github.com/varobledo_meli/W17-G10-Bootcamp.git/internal/handler/product.go:58.2,58.63 1 0
github.com/varobledo_meli/W17-G10-Bootcamp.git/internal/handler/product.go:58.63,61.3 2 0
github.com/varobledo_meli/W17-G10-Bootcamp.git/internal/handler/product.go:63.2,64.16 2 0
github.com/varobledo_meli/W17-G10-Bootcamp.git/internal/handler/product.go:64.16,67.3 2 0
github.com/varobledo_meli/W17-G10-Bootcamp.git/internal/handler/product.go:69.2,69.49 1 0
github.com/varobledo_meli/W17-G10-Bootcamp.git/internal/handler/product.go:72.73,74.16 2 0
github.com/varobledo_meli/W17-G10-Bootcamp.git/internal/handler/product.go:74.16,77.3 2 0
github.com/varobledo_meli/W17-G10-Bootcamp.git/internal/handler/product.go:79.2,79.63 1 0
github.com/varobledo_meli/W17-G10-Bootcamp.git/internal/handler/product.go:79.63,82.3 2 0
github.com/varobledo_meli/W17-G10-Bootcamp.git/internal/handler/product.go:84.2,85.16 2 0
github.com/varobledo_meli/W17-G10-Bootcamp.git/internal/handler/product.go:85.16,88.3 2 0
github.com/varobledo_meli/W17-G10-Bootcamp.git/internal/handler/product.go:90.2,90.45 1 0
github.com/varobledo_meli/W17-G10-Bootcamp.git/internal/handler/product.go:93.72,95.16 2 0
github.com/varobledo_meli/W17-G10-Bootcamp.git/internal/handler/product.go:95.16,98.3 2 0
github.com/varobledo_meli/W17-G10-Bootcamp.git/internal/handler/product.go:100.2,100.63 1 0
github.com/varobledo_meli/W17-G10-Bootcamp.git/internal/handler/product.go:100.63,103.3 2 0
github.com/varobledo_meli/W17-G10-Bootcamp.git/internal/handler/product.go:105.2,106.52 2 0
github.com/varobledo_meli/W17-G10-Bootcamp.git/internal/handler/product.go:106.52,109.3 2 0
github.com/varobledo_meli/W17-G10-Bootcamp.git/internal/handler/product.go:111.2,111.60 1 0
github.com/varobledo_meli/W17-G10-Bootcamp.git/internal/handler/product.go:111.60,114.3 2 0
github.com/varobledo_meli/W17-G10-Bootcamp.git/internal/handler/product.go:116.2,117.16 2 0
github.com/varobledo_meli/W17-G10-Bootcamp.git/internal/handler/product.go:117.16,120.3 2 0
github.com/varobledo_meli/W17-G10-Bootcamp.git/internal/handler/product.go:122.2,122.41 1 0
github.com/varobledo_meli/W17-G10-Bootcamp.git/internal/handler/product_batch.go:22.88,26.2 1 0
github.com/varobledo_meli/W17-G10-Bootcamp.git/internal/handler/product_batch.go:31.94,35.53 3 0
github.com/varobledo_meli/W17-G10-Bootcamp.git/internal/handler/product_batch.go:35.53,38.3 2 0
github.com/varobledo_meli/W17-G10-Bootcamp.git/internal/handler/product_batch.go:39.2,39.65 1 0
github.com/varobledo_meli/W17-G10-Bootcamp.git/internal/handler/product_batch.go:39.65,42.3 2 0
github.com/varobledo_meli/W17-G10-Bootcamp.git/internal/handler/product_batch.go:43.2,44.16 2 0
github.com/varobledo_meli/W17-G10-Bootcamp.git/internal/handler/product_batch.go:44.16,47.3 2 0
github.com/varobledo_meli/W17-G10-Bootcamp.git/internal/handler/product_batch.go:48.2,48.83 1 0
github.com/varobledo_meli/W17-G10-Bootcamp.git/internal/handler/product_batch.go:54.90,57.14 3 0
github.com/varobledo_meli/W17-G10-Bootcamp.git/internal/handler/product_batch.go:57.14,59.17 2 0
github.com/varobledo_meli/W17-G10-Bootcamp.git/internal/handler/product_batch.go:59.17,62.4 2 0
github.com/varobledo_meli/W17-G10-Bootcamp.git/internal/handler/product_batch.go:63.3,64.9 2 0
github.com/varobledo_meli/W17-G10-Bootcamp.git/internal/handler/product_batch.go:67.2,68.16 2 0
github.com/varobledo_meli/W17-G10-Bootcamp.git/internal/handler/product_batch.go:68.16,71.3 2 0
github.com/varobledo_meli/W17-G10-Bootcamp.git/internal/handler/product_batch.go:72.2,73.16 2 0
github.com/varobledo_meli/W17-G10-Bootcamp.git/internal/handler/product_batch.go:73.16,76.3 2 0
github.com/varobledo_meli/W17-G10-Bootcamp.git/internal/handler/product_batch.go:78.2,78.41 1 0
github.com/varobledo_meli/W17-G10-Bootcamp.git/internal/handler/product_record.go:18.86,20.2 1 0
github.com/varobledo_meli/W17-G10-Bootcamp.git/internal/handler/product_record.go:22.79,25.53 2 0
github.com/varobledo_meli/W17-G10-Bootcamp.git/internal/handler/product_record.go:25.53,28.3 2 0
github.com/varobledo_meli/W17-G10-Bootcamp.git/internal/handler/product_record.go:30.2,30.75 1 0
github.com/varobledo_meli/W17-G10-Bootcamp.git/internal/handler/product_record.go:30.75,33.3 2 0
github.com/varobledo_meli/W17-G10-Bootcamp.git/internal/handler/product_record.go:35.2,38.16 3 0
github.com/varobledo_meli/W17-G10-Bootcamp.git/internal/handler/product_record.go:38.16,41.3 2 0
github.com/varobledo_meli/W17-G10-Bootcamp.git/internal/handler/product_record.go:43.2,43.46 1 0
github.com/varobledo_meli/W17-G10-Bootcamp.git/internal/handler/product_record.go:46.89,49.16 2 0
github.com/varobledo_meli/W17-G10-Bootcamp.git/internal/handler/product_record.go:49.16,52.3 2 0
github.com/varobledo_meli/W17-G10-Bootcamp.git/internal/handler/product_record.go:55.2,55.20 1 0
github.com/varobledo_meli/W17-G10-Bootcamp.git/internal/handler/product_record.go:55.20,56.63 1 0
github.com/varobledo_meli/W17-G10-Bootcamp.git/internal/handler/product_record.go:56.63,59.4 2 0
github.com/varobledo_meli/W17-G10-Bootcamp.git/internal/handler/product_record.go:62.2,63.16 2 0
github.com/varobledo_meli/W17-G10-Bootcamp.git/internal/handler/product_record.go:63.16,66.3 2 0
github.com/varobledo_meli/W17-G10-Bootcamp.git/internal/handler/product_record.go:68.2,68.41 1 0
github.com/varobledo_meli/W17-G10-Bootcamp.git/internal/handler/purchase_order.go:19.84,21.2 1 0
github.com/varobledo_meli/W17-G10-Bootcamp.git/internal/handler/purchase_order.go:23.79,27.57 3 0
github.com/varobledo_meli/W17-G10-Bootcamp.git/internal/handler/purchase_order.go:27.57,30.3 2 0
github.com/varobledo_meli/W17-G10-Bootcamp.git/internal/handler/purchase_order.go:32.2,34.66 2 0
github.com/varobledo_meli/W17-G10-Bootcamp.git/internal/handler/purchase_order.go:34.66,37.3 2 0
github.com/varobledo_meli/W17-G10-Bootcamp.git/internal/handler/purchase_order.go:39.2,40.16 2 0
github.com/varobledo_meli/W17-G10-Bootcamp.git/internal/handler/purchase_order.go:40.16,43.3 2 0
github.com/varobledo_meli/W17-G10-Bootcamp.git/internal/handler/purchase_order.go:45.2,45.49 1 0
github.com/varobledo_meli/W17-G10-Bootcamp.git/internal/handler/purchase_order.go:48.82,52.65 3 0
github.com/varobledo_meli/W17-G10-Bootcamp.git/internal/handler/purchase_order.go:52.65,55.3 2 0
github.com/varobledo_meli/W17-G10-Bootcamp.git/internal/handler/purchase_order.go:57.2,58.20 2 0
github.com/varobledo_meli/W17-G10-Bootcamp.git/internal/handler/purchase_order.go:58.20,60.3 1 0
github.com/varobledo_meli/W17-G10-Bootcamp.git/internal/handler/purchase_order.go:60.8,62.3 1 0
github.com/varobledo_meli/W17-G10-Bootcamp.git/internal/handler/purchase_order.go:64.2,64.16 1 0
github.com/varobledo_meli/W17-G10-Bootcamp.git/internal/handler/purchase_order.go:64.16,67.3 2 0
github.com/varobledo_meli/W17-G10-Bootcamp.git/internal/handler/purchase_order.go:69.2,69.41 1 0
github.com/varobledo_meli/W17-G10-Bootcamp.git/internal/handler/section.go:20.67,22.2 1 0
github.com/varobledo_meli/W17-G10-Bootcamp.git/internal/handler/section.go:26.82,31.16 3 0
github.com/varobledo_meli/W17-G10-Bootcamp.git/internal/handler/section.go:31.16,34.3 2 0
github.com/varobledo_meli/W17-G10-Bootcamp.git/internal/handler/section.go:36.2,37.29 2 0
github.com/varobledo_meli/W17-G10-Bootcamp.git/internal/handler/section.go:37.29,40.3 2 0
github.com/varobledo_meli/W17-G10-Bootcamp.git/internal/handler/section.go:41.2,41.45 1 0
github.com/varobledo_meli/W17-G10-Bootcamp.git/internal/handler/section.go:46.75,50.16 3 0
github.com/varobledo_meli/W17-G10-Bootcamp.git/internal/handler/section.go:50.16,53.3 2 0
github.com/varobledo_meli/W17-G10-Bootcamp.git/internal/handler/section.go:55.2,56.16 2 0
github.com/varobledo_meli/W17-G10-Bootcamp.git/internal/handler/section.go:56.16,59.3 2 0
github.com/varobledo_meli/W17-G10-Bootcamp.git/internal/handler/section.go:61.2,61.73 1 0
github.com/varobledo_meli/W17-G10-Bootcamp.git/internal/handler/section.go:67.80,71.16 3 0
github.com/varobledo_meli/W17-G10-Bootcamp.git/internal/handler/section.go:71.16,74.3 2 0
github.com/varobledo_meli/W17-G10-Bootcamp.git/internal/handler/section.go:76.2,78.17 2 0
github.com/varobledo_meli/W17-G10-Bootcamp.git/internal/handler/section.go:78.17,81.3 2 0
github.com/varobledo_meli/W17-G10-Bootcamp.git/internal/handler/section.go:83.2,83.45 1 0
github.com/varobledo_meli/W17-G10-Bootcamp.git/internal/handler/section.go:88.80,92.60 3 0
github.com/varobledo_meli/W17-G10-Bootcamp.git/internal/handler/section.go:92.60,95.3 2 0
github.com/varobledo_meli/W17-G10-Bootcamp.git/internal/handler/section.go:97.2,98.16 2 0
github.com/varobledo_meli/W17-G10-Bootcamp.git/internal/handler/section.go:98.16,101.3 2 0
github.com/varobledo_meli/W17-G10-Bootcamp.git/internal/handler/section.go:103.2,105.16 3 0
github.com/varobledo_meli/W17-G10-Bootcamp.git/internal/handler/section.go:105.16,108.3 2 0
github.com/varobledo_meli/W17-G10-Bootcamp.git/internal/handler/section.go:110.2,110.85 1 0
github.com/varobledo_meli/W17-G10-Bootcamp.git/internal/handler/section.go:115.80,118.16 3 0
github.com/varobledo_meli/W17-G10-Bootcamp.git/internal/handler/section.go:118.16,121.3 2 0
github.com/varobledo_meli/W17-G10-Bootcamp.git/internal/handler/section.go:123.2,124.53 2 0
github.com/varobledo_meli/W17-G10-Bootcamp.git/internal/handler/section.go:124.53,127.3 2 0
github.com/varobledo_meli/W17-G10-Bootcamp.git/internal/handler/section.go:129.2,129.63 1 0
github.com/varobledo_meli/W17-G10-Bootcamp.git/internal/handler/section.go:129.63,132.3 2 0
github.com/varobledo_meli/W17-G10-Bootcamp.git/internal/handler/section.go:134.2,136.17 2 0
github.com/varobledo_meli/W17-G10-Bootcamp.git/internal/handler/section.go:136.17,139.3 2 0
github.com/varobledo_meli/W17-G10-Bootcamp.git/internal/handler/section.go:140.2,140.76 1 0
github.com/varobledo_meli/W17-G10-Bootcamp.git/internal/handler/seller.go:19.64,23.2 1 0
github.com/varobledo_meli/W17-G10-Bootcamp.git/internal/handler/seller.go:27.72,31.52 3 0
github.com/varobledo_meli/W17-G10-Bootcamp.git/internal/handler/seller.go:31.52,34.3 2 0
github.com/varobledo_meli/W17-G10-Bootcamp.git/internal/handler/seller.go:36.2,37.16 2 0
github.com/varobledo_meli/W17-G10-Bootcamp.git/internal/handler/seller.go:37.16,40.3 2 0
github.com/varobledo_meli/W17-G10-Bootcamp.git/internal/handler/seller.go:42.2,43.16 2 0
github.com/varobledo_meli/W17-G10-Bootcamp.git/internal/handler/seller.go:43.16,46.3 2 0
github.com/varobledo_meli/W17-G10-Bootcamp.git/internal/handler/seller.go:48.2,48.41 1 0
github.com/varobledo_meli/W17-G10-Bootcamp.git/internal/handler/seller.go:53.72,57.16 3 0
github.com/varobledo_meli/W17-G10-Bootcamp.git/internal/handler/seller.go:57.16,60.3 2 0
github.com/varobledo_meli/W17-G10-Bootcamp.git/internal/handler/seller.go:62.2,63.52 2 0
github.com/varobledo_meli/W17-G10-Bootcamp.git/internal/handler/seller.go:63.52,66.3 2 0
github.com/varobledo_meli/W17-G10-Bootcamp.git/internal/handler/seller.go:68.2,69.16 2 0
github.com/varobledo_meli/W17-G10-Bootcamp.git/internal/handler/seller.go:69.16,72.3 2 0
github.com/varobledo_meli/W17-G10-Bootcamp.git/internal/handler/seller.go:74.2,75.16 2 0
github.com/varobledo_meli/W17-G10-Bootcamp.git/internal/handler/seller.go:75.16,78.3 2 0
github.com/varobledo_meli/W17-G10-Bootcamp.git/internal/handler/seller.go:80.2,81.16 2 0
github.com/varobledo_meli/W17-G10-Bootcamp.git/internal/handler/seller.go:81.16,84.3 2 0
github.com/varobledo_meli/W17-G10-Bootcamp.git/internal/handler/seller.go:86.2,86.36 1 0
github.com/varobledo_meli/W17-G10-Bootcamp.git/internal/handler/seller.go:91.72,95.16 3 0
github.com/varobledo_meli/W17-G10-Bootcamp.git/internal/handler/seller.go:95.16,98.3 2 0
github.com/varobledo_meli/W17-G10-Bootcamp.git/internal/handler/seller.go:100.2,101.16 2 0
github.com/varobledo_meli/W17-G10-Bootcamp.git/internal/handler/seller.go:101.16,104.3 2 0
github.com/varobledo_meli/W17-G10-Bootcamp.git/internal/handler/seller.go:106.2,106.45 1 0
github.com/varobledo_meli/W17-G10-Bootcamp.git/internal/handler/seller.go:111.73,115.16 3 0
github.com/varobledo_meli/W17-G10-Bootcamp.git/internal/handler/seller.go:115.16,118.3 2 0
github.com/varobledo_meli/W17-G10-Bootcamp.git/internal/handler/seller.go:120.2,120.36 1 0
github.com/varobledo_meli/W17-G10-Bootcamp.git/internal/handler/seller.go:125.74,129.16 3 0
github.com/varobledo_meli/W17-G10-Bootcamp.git/internal/handler/seller.go:129.16,132.3 2 0
github.com/varobledo_meli/W17-G10-Bootcamp.git/internal/handler/seller.go:134.2,135.16 2 0
github.com/varobledo_meli/W17-G10-Bootcamp.git/internal/handler/seller.go:135.16,138.3 2 0
github.com/varobledo_meli/W17-G10-Bootcamp.git/internal/handler/seller.go:140.2,140.36 1 0
github.com/varobledo_meli/W17-G10-Bootcamp.git/internal/handler/warehouse.go:17.73,19.2 1 0
github.com/varobledo_meli/W17-G10-Bootcamp.git/internal/handler/warehouse.go:26.75,28.46 2 0
github.com/varobledo_meli/W17-G10-Bootcamp.git/internal/handler/warehouse.go:28.46,31.3 2 0
github.com/varobledo_meli/W17-G10-Bootcamp.git/internal/handler/warehouse.go:33.2,33.71 1 0
github.com/varobledo_meli/W17-G10-Bootcamp.git/internal/handler/warehouse.go:33.71,36.3 2 0
github.com/varobledo_meli/W17-G10-Bootcamp.git/internal/handler/warehouse.go:38.2,41.16 3 0
github.com/varobledo_meli/W17-G10-Bootcamp.git/internal/handler/warehouse.go:41.16,44.3 2 0
github.com/varobledo_meli/W17-G10-Bootcamp.git/internal/handler/warehouse.go:46.2,46.68 1 0
github.com/varobledo_meli/W17-G10-Bootcamp.git/internal/handler/warehouse.go:49.76,51.16 2 0
github.com/varobledo_meli/W17-G10-Bootcamp.git/internal/handler/warehouse.go:51.16,54.3 2 0
github.com/varobledo_meli/W17-G10-Bootcamp.git/internal/handler/warehouse.go:56.2,56.67 1 0
github.com/varobledo_meli/W17-G10-Bootcamp.git/internal/handler/warehouse.go:59.77,62.16 3 0
github.com/varobledo_meli/W17-G10-Bootcamp.git/internal/handler/warehouse.go:62.16,66.3 3 0
github.com/varobledo_meli/W17-G10-Bootcamp.git/internal/handler/warehouse.go:68.2,69.15 2 0
github.com/varobledo_meli/W17-G10-Bootcamp.git/internal/handler/warehouse.go:69.15,72.3 2 0
github.com/varobledo_meli/W17-G10-Bootcamp.git/internal/handler/warehouse.go:74.2,74.61 1 0
github.com/varobledo_meli/W17-G10-Bootcamp.git/internal/handler/warehouse.go:78.75,81.16 3 0
github.com/varobledo_meli/W17-G10-Bootcamp.git/internal/handler/warehouse.go:81.16,85.3 3 0
github.com/varobledo_meli/W17-G10-Bootcamp.git/internal/handler/warehouse.go:87.2,88.46 2 0
github.com/varobledo_meli/W17-G10-Bootcamp.git/internal/handler/warehouse.go:88.46,91.3 2 0
github.com/varobledo_meli/W17-G10-Bootcamp.git/internal/handler/warehouse.go:93.2,94.23 2 0
github.com/varobledo_meli/W17-G10-Bootcamp.git/internal/handler/warehouse.go:94.23,97.3 2 0
github.com/varobledo_meli/W17-G10-Bootcamp.git/internal/handler/warehouse.go:99.2,99.66 1 0
github.com/varobledo_meli/W17-G10-Bootcamp.git/internal/handler/warehouse.go:102.75,105.16 3 0
github.com/varobledo_meli/W17-G10-Bootcamp.git/internal/handler/warehouse.go:105.16,109.3 3 0
github.com/varobledo_meli/W17-G10-Bootcamp.git/internal/handler/warehouse.go:111.2,112.23 2 0
github.com/varobledo_meli/W17-G10-Bootcamp.git/internal/handler/warehouse.go:112.23,115.3 2 0
github.com/varobledo_meli/W17-G10-Bootcamp.git/internal/handler/warehouse.go:117.2,117.45 1 0
github.com/varobledo_meli/W17-G10-Bootcamp.git/internal/mappers/buyer.go:8.64,14.2 1 0
github.com/varobledo_meli/W17-G10-Bootcamp.git/internal/mappers/buyer.go:16.65,17.29 1 0
github.com/varobledo_meli/W17-G10-Bootcamp.git/internal/mappers/buyer.go:17.29,19.3 1 0
github.com/varobledo_meli/W17-G10-Bootcamp.git/internal/mappers/buyer.go:20.2,20.26 1 0
github.com/varobledo_meli/W17-G10-Bootcamp.git/internal/mappers/buyer.go:20.26,22.3 1 0
github.com/varobledo_meli/W17-G10-Bootcamp.git/internal/mappers/buyer.go:23.2,23.25 1 0
github.com/varobledo_meli/W17-G10-Bootcamp.git/internal/mappers/buyer.go:23.25,25.3 1 0
github.com/varobledo_meli/W17-G10-Bootcamp.git/internal/mappers/buyer.go:29.60,36.2 1 0
github.com/varobledo_meli/W17-G10-Bootcamp.git/internal/mappers/buyer.go:39.72,41.27 2 0
github.com/varobledo_meli/W17-G10-Bootcamp.git/internal/mappers/buyer.go:41.27,43.3 1 0
github.com/varobledo_meli/W17-G10-Bootcamp.git/internal/mappers/buyer.go:44.2,44.12 1 0
github.com/varobledo_meli/W17-G10-Bootcamp.git/internal/mappers/buyer.go:48.41,49.16 1 0
github.com/varobledo_meli/W17-G10-Bootcamp.git/internal/mappers/buyer.go:49.16,51.3 1 0
github.com/varobledo_meli/W17-G10-Bootcamp.git/internal/mappers/buyer.go:52.2,52.13 1 0
github.com/varobledo_meli/W17-G10-Bootcamp.git/internal/mappers/carry.go:5.57,14.2 1 0
github.com/varobledo_meli/W17-G10-Bootcamp.git/internal/mappers/carry.go:16.48,25.2 1 0
github.com/varobledo_meli/W17-G10-Bootcamp.git/internal/mappers/carry.go:27.56,29.23 2 0
github.com/varobledo_meli/W17-G10-Bootcamp.git/internal/mappers/carry.go:29.23,32.3 2 0
github.com/varobledo_meli/W17-G10-Bootcamp.git/internal/mappers/carry.go:33.2,33.20 1 0
github.com/varobledo_meli/W17-G10-Bootcamp.git/internal/mappers/employee.go:5.72,7.28 2 0
github.com/varobledo_meli/W17-G10-Bootcamp.git/internal/mappers/employee.go:7.28,9.3 1 0
github.com/varobledo_meli/W17-G10-Bootcamp.git/internal/mappers/employee.go:10.2,16.3 1 0
github.com/varobledo_meli/W17-G10-Bootcamp.git/internal/mappers/employee.go:19.70,21.24 2 0
github.com/varobledo_meli/W17-G10-Bootcamp.git/internal/mappers/employee.go:21.24,23.3 1 0
github.com/varobledo_meli/W17-G10-Bootcamp.git/internal/mappers/employee.go:24.2,30.3 1 0
github.com/varobledo_meli/W17-G10-Bootcamp.git/internal/mappers/employee.go:32.106,34.31 2 0
github.com/varobledo_meli/W17-G10-Bootcamp.git/internal/mappers/employee.go:34.31,36.3 1 0
github.com/varobledo_meli/W17-G10-Bootcamp.git/internal/mappers/employee.go:37.2,37.28 1 0
github.com/varobledo_meli/W17-G10-Bootcamp.git/internal/mappers/employee.go:37.28,39.3 1 0
github.com/varobledo_meli/W17-G10-Bootcamp.git/internal/mappers/employee.go:40.2,40.27 1 0
github.com/varobledo_meli/W17-G10-Bootcamp.git/internal/mappers/employee.go:40.27,42.3 1 0
github.com/varobledo_meli/W17-G10-Bootcamp.git/internal/mappers/employee.go:43.2,43.57 1 0
github.com/varobledo_meli/W17-G10-Bootcamp.git/internal/mappers/employee.go:43.57,45.3 1 0
github.com/varobledo_meli/W17-G10-Bootcamp.git/internal/mappers/employee.go:46.2,46.13 1 0
github.com/varobledo_meli/W17-G10-Bootcamp.git/internal/mappers/product.go:10.55,24.2 1 0
github.com/varobledo_meli/W17-G10-Bootcamp.git/internal/mappers/product.go:27.58,44.2 1 0
github.com/varobledo_meli/W17-G10-Bootcamp.git/internal/mappers/product.go:47.69,49.25 2 0
github.com/varobledo_meli/W17-G10-Bootcamp.git/internal/mappers/product.go:49.25,51.3 1 0
github.com/varobledo_meli/W17-G10-Bootcamp.git/internal/mappers/product.go:52.2,52.12 1 0
github.com/varobledo_meli/W17-G10-Bootcamp.git/internal/mappers/product.go:56.64,71.2 1 0
github.com/varobledo_meli/W17-G10-Bootcamp.git/internal/mappers/product.go:74.52,76.22 2 0
github.com/varobledo_meli/W17-G10-Bootcamp.git/internal/mappers/product.go:76.22,79.3 2 0
github.com/varobledo_meli/W17-G10-Bootcamp.git/internal/mappers/product.go:81.2,94.3 1 0
github.com/varobledo_meli/W17-G10-Bootcamp.git/internal/mappers/product.go:98.56,100.23 2 0
github.com/varobledo_meli/W17-G10-Bootcamp.git/internal/mappers/product.go:100.23,102.3 1 0
github.com/varobledo_meli/W17-G10-Bootcamp.git/internal/mappers/product.go:104.2,117.3 1 0
github.com/varobledo_meli/W17-G10-Bootcamp.git/internal/mappers/product_batches.go:7.81,20.2 1 0
github.com/varobledo_meli/W17-G10-Bootcamp.git/internal/mappers/product_batches.go:22.90,36.2 1 0
github.com/varobledo_meli/W17-G10-Bootcamp.git/internal/mappers/product_record.go:6.103,11.2 1 0
github.com/varobledo_meli/W17-G10-Bootcamp.git/internal/mappers/product_record.go:14.124,18.2 1 0
github.com/varobledo_meli/W17-G10-Bootcamp.git/internal/mappers/purchase_order.go:9.105,11.16 2 0
github.com/varobledo_meli/W17-G10-Bootcamp.git/internal/mappers/purchase_order.go:11.16,13.3 1 0
github.com/varobledo_meli/W17-G10-Bootcamp.git/internal/mappers/purchase_order.go:15.2,21.8 1 0
github.com/varobledo_meli/W17-G10-Bootcamp.git/internal/mappers/purchase_order.go:24.84,33.2 1 0
github.com/varobledo_meli/W17-G10-Bootcamp.git/internal/mappers/purchase_order.go:35.93,37.25 2 0
github.com/varobledo_meli/W17-G10-Bootcamp.git/internal/mappers/purchase_order.go:37.25,39.3 1 0
github.com/varobledo_meli/W17-G10-Bootcamp.git/internal/mappers/purchase_order.go:40.2,40.12 1 0
github.com/varobledo_meli/W17-G10-Bootcamp.git/internal/mappers/section.go:7.69,18.2 1 0
github.com/varobledo_meli/W17-G10-Bootcamp.git/internal/mappers/section.go:20.72,32.2 1 0
github.com/varobledo_meli/W17-G10-Bootcamp.git/internal/mappers/section.go:34.75,35.30 1 0
github.com/varobledo_meli/W17-G10-Bootcamp.git/internal/mappers/section.go:35.30,38.3 1 0
github.com/varobledo_meli/W17-G10-Bootcamp.git/internal/mappers/section.go:39.2,39.30 1 0
github.com/varobledo_meli/W17-G10-Bootcamp.git/internal/mappers/section.go:39.30,41.3 1 0
github.com/varobledo_meli/W17-G10-Bootcamp.git/internal/mappers/section.go:42.2,42.35 1 0
github.com/varobledo_meli/W17-G10-Bootcamp.git/internal/mappers/section.go:42.35,44.3 1 0
github.com/varobledo_meli/W17-G10-Bootcamp.git/internal/mappers/section.go:45.2,45.35 1 0
github.com/varobledo_meli/W17-G10-Bootcamp.git/internal/mappers/section.go:45.35,47.3 1 0
github.com/varobledo_meli/W17-G10-Bootcamp.git/internal/mappers/section.go:48.2,48.32 1 0
github.com/varobledo_meli/W17-G10-Bootcamp.git/internal/mappers/section.go:48.32,50.3 1 0
github.com/varobledo_meli/W17-G10-Bootcamp.git/internal/mappers/section.go:51.2,51.32 1 0
github.com/varobledo_meli/W17-G10-Bootcamp.git/internal/mappers/section.go:51.32,53.3 1 0
github.com/varobledo_meli/W17-G10-Bootcamp.git/internal/mappers/section.go:54.2,54.32 1 0
github.com/varobledo_meli/W17-G10-Bootcamp.git/internal/mappers/section.go:54.32,56.3 1 0
github.com/varobledo_meli/W17-G10-Bootcamp.git/internal/mappers/section.go:57.2,57.28 1 0
github.com/varobledo_meli/W17-G10-Bootcamp.git/internal/mappers/section.go:57.28,59.3 1 0
github.com/varobledo_meli/W17-G10-Bootcamp.git/internal/mappers/seller.go:5.67,14.2 1 0
github.com/varobledo_meli/W17-G10-Bootcamp.git/internal/mappers/seller.go:16.63,25.2 1 0
github.com/varobledo_meli/W17-G10-Bootcamp.git/internal/mappers/seller.go:27.71,29.23 2 0
github.com/varobledo_meli/W17-G10-Bootcamp.git/internal/mappers/seller.go:29.23,31.3 1 0
github.com/varobledo_meli/W17-G10-Bootcamp.git/internal/mappers/seller.go:32.2,32.12 1 0
github.com/varobledo_meli/W17-G10-Bootcamp.git/internal/mappers/seller.go:35.75,36.22 1 0
github.com/varobledo_meli/W17-G10-Bootcamp.git/internal/mappers/seller.go:36.22,38.3 1 0
github.com/varobledo_meli/W17-G10-Bootcamp.git/internal/mappers/seller.go:39.2,39.30 1 0
github.com/varobledo_meli/W17-G10-Bootcamp.git/internal/mappers/seller.go:39.30,41.3 1 0
github.com/varobledo_meli/W17-G10-Bootcamp.git/internal/mappers/seller.go:42.2,42.26 1 0
github.com/varobledo_meli/W17-G10-Bootcamp.git/internal/mappers/seller.go:42.26,44.3 1 0
github.com/varobledo_meli/W17-G10-Bootcamp.git/internal/mappers/seller.go:45.2,45.28 1 0
github.com/varobledo_meli/W17-G10-Bootcamp.git/internal/mappers/seller.go:45.28,47.3 1 0
github.com/varobledo_meli/W17-G10-Bootcamp.git/internal/mappers/seller.go:48.2,48.29 1 0
github.com/varobledo_meli/W17-G10-Bootcamp.git/internal/mappers/seller.go:48.29,50.3 1 0
github.com/varobledo_meli/W17-G10-Bootcamp.git/internal/mappers/warehouse.go:5.68,15.2 1 0
github.com/varobledo_meli/W17-G10-Bootcamp.git/internal/mappers/warehouse.go:17.76,19.23 2 0
github.com/varobledo_meli/W17-G10-Bootcamp.git/internal/mappers/warehouse.go:19.23,22.3 2 0
github.com/varobledo_meli/W17-G10-Bootcamp.git/internal/mappers/warehouse.go:23.2,23.22 1 0
github.com/varobledo_meli/W17-G10-Bootcamp.git/internal/mappers/warehouse.go:26.77,36.2 1 0
github.com/varobledo_meli/W17-G10-Bootcamp.git/internal/mappers/warehouse.go:38.92,39.26 1 0
github.com/varobledo_meli/W17-G10-Bootcamp.git/internal/mappers/warehouse.go:39.26,41.3 1 0
github.com/varobledo_meli/W17-G10-Bootcamp.git/internal/mappers/warehouse.go:42.2,42.28 1 0
github.com/varobledo_meli/W17-G10-Bootcamp.git/internal/mappers/warehouse.go:42.28,44.3 1 0
github.com/varobledo_meli/W17-G10-Bootcamp.git/internal/mappers/warehouse.go:45.2,45.32 1 0
github.com/varobledo_meli/W17-G10-Bootcamp.git/internal/mappers/warehouse.go:45.32,47.3 1 0
github.com/varobledo_meli/W17-G10-Bootcamp.git/internal/mappers/warehouse.go:48.2,48.34 1 0
github.com/varobledo_meli/W17-G10-Bootcamp.git/internal/mappers/warehouse.go:48.34,50.3 1 0
github.com/varobledo_meli/W17-G10-Bootcamp.git/internal/mappers/warehouse.go:51.2,51.37 1 0
github.com/varobledo_meli/W17-G10-Bootcamp.git/internal/mappers/warehouse.go:51.37,53.3 1 0
github.com/varobledo_meli/W17-G10-Bootcamp.git/internal/mappers/warehouse.go:54.2,54.29 1 0
github.com/varobledo_meli/W17-G10-Bootcamp.git/internal/mappers/warehouse.go:54.29,56.3 1 0
github.com/varobledo_meli/W17-G10-Bootcamp.git/internal/loader/buyer_loader.go:14.51,18.2 1 0
github.com/varobledo_meli/W17-G10-Bootcamp.git/internal/loader/buyer_loader.go:24.68,26.16 2 0
github.com/varobledo_meli/W17-G10-Bootcamp.git/internal/loader/buyer_loader.go:26.16,28.3 1 0
github.com/varobledo_meli/W17-G10-Bootcamp.git/internal/loader/buyer_loader.go:29.2,33.16 4 0
github.com/varobledo_meli/W17-G10-Bootcamp.git/internal/loader/buyer_loader.go:33.16,35.3 1 0
github.com/varobledo_meli/W17-G10-Bootcamp.git/internal/loader/buyer_loader.go:37.2,38.35 2 0
github.com/varobledo_meli/W17-G10-Bootcamp.git/internal/loader/buyer_loader.go:38.35,45.3 1 0
github.com/varobledo_meli/W17-G10-Bootcamp.git/internal/loader/buyer_loader.go:47.2,47.8 1 0
github.com/varobledo_meli/W17-G10-Bootcamp.git/internal/loader/employee.go:21.57,23.2 1 0
github.com/varobledo_meli/W17-G10-Bootcamp.git/internal/loader/employee.go:25.69,27.16 2 0
github.com/varobledo_meli/W17-G10-Bootcamp.git/internal/loader/employee.go:27.16,29.3 1 0
github.com/varobledo_meli/W17-G10-Bootcamp.git/internal/loader/employee.go:30.2,34.16 4 0
github.com/varobledo_meli/W17-G10-Bootcamp.git/internal/loader/employee.go:34.16,36.3 1 0
github.com/varobledo_meli/W17-G10-Bootcamp.git/internal/loader/employee.go:38.2,39.36 2 0
github.com/varobledo_meli/W17-G10-Bootcamp.git/internal/loader/employee.go:39.36,42.3 2 0
github.com/varobledo_meli/W17-G10-Bootcamp.git/internal/loader/employee.go:43.2,43.23 1 0
github.com/varobledo_meli/W17-G10-Bootcamp.git/internal/loader/section.go:18.55,20.2 1 0
github.com/varobledo_meli/W17-G10-Bootcamp.git/internal/loader/section.go:23.66,25.16 2 0
github.com/varobledo_meli/W17-G10-Bootcamp.git/internal/loader/section.go:25.16,27.3 1 0
github.com/varobledo_meli/W17-G10-Bootcamp.git/internal/loader/section.go:28.2,32.16 4 0
github.com/varobledo_meli/W17-G10-Bootcamp.git/internal/loader/section.go:32.16,34.3 1 0
github.com/varobledo_meli/W17-G10-Bootcamp.git/internal/loader/section.go:36.2,38.31 2 0
github.com/varobledo_meli/W17-G10-Bootcamp.git/internal/loader/section.go:38.31,52.3 2 0
github.com/varobledo_meli/W17-G10-Bootcamp.git/internal/loader/section.go:54.2,54.24 1 0
github.com/varobledo_meli/W17-G10-Bootcamp.git/internal/loader/seller.go:15.53,19.2 1 0
github.com/varobledo_meli/W17-G10-Bootcamp.git/internal/loader/seller.go:28.70,31.16 2 0
github.com/varobledo_meli/W17-G10-Bootcamp.git/internal/loader/seller.go:31.16,33.3 1 0
github.com/varobledo_meli/W17-G10-Bootcamp.git/internal/loader/seller.go:34.2,39.16 4 0
github.com/varobledo_meli/W17-G10-Bootcamp.git/internal/loader/seller.go:39.16,41.3 1 0
github.com/varobledo_meli/W17-G10-Bootcamp.git/internal/loader/seller.go:44.2,45.33 2 0
github.com/varobledo_meli/W17-G10-Bootcamp.git/internal/loader/seller.go:45.33,53.3 1 0
github.com/varobledo_meli/W17-G10-Bootcamp.git/internal/loader/seller.go:55.2,55.8 1 0
github.com/varobledo_meli/W17-G10-Bootcamp.git/internal/loader/warehouse.go:15.59,19.2 1 0
github.com/varobledo_meli/W17-G10-Bootcamp.git/internal/loader/warehouse.go:28.76,31.16 2 0
github.com/varobledo_meli/W17-G10-Bootcamp.git/internal/loader/warehouse.go:31.16,33.3 1 0
github.com/varobledo_meli/W17-G10-Bootcamp.git/internal/loader/warehouse.go:34.2,39.16 4 0
github.com/varobledo_meli/W17-G10-Bootcamp.git/internal/loader/warehouse.go:39.16,41.3 1 0
github.com/varobledo_meli/W17-G10-Bootcamp.git/internal/loader/warehouse.go:44.2,45.35 2 0
github.com/varobledo_meli/W17-G10-Bootcamp.git/internal/loader/warehouse.go:45.35,54.3 1 0
github.com/varobledo_meli/W17-G10-Bootcamp.git/internal/loader/warehouse.go:56.2,56.8 1 0
github.com/varobledo_meli/W17-G10-Bootcamp.git/internal/service/buyer.go:12.109,13.55 1 0
github.com/varobledo_meli/W17-G10-Bootcamp.git/internal/service/buyer.go:13.55,15.3 1 0
github.com/varobledo_meli/W17-G10-Bootcamp.git/internal/service/buyer.go:17.2,20.16 3 0
github.com/varobledo_meli/W17-G10-Bootcamp.git/internal/service/buyer.go:20.16,22.3 1 0
github.com/varobledo_meli/W17-G10-Bootcamp.git/internal/service/buyer.go:24.2,25.19 2 0
github.com/varobledo_meli/W17-G10-Bootcamp.git/internal/service/buyer.go:28.117,29.29 1 0
github.com/varobledo_meli/W17-G10-Bootcamp.git/internal/service/buyer.go:29.29,30.57 1 0
github.com/varobledo_meli/W17-G10-Bootcamp.git/internal/service/buyer.go:30.57,32.4 1 0
github.com/varobledo_meli/W17-G10-Bootcamp.git/internal/service/buyer.go:35.2,36.16 2 0
github.com/varobledo_meli/W17-G10-Bootcamp.git/internal/service/buyer.go:36.16,38.3 1 0
github.com/varobledo_meli/W17-G10-Bootcamp.git/internal/service/buyer.go:40.2,42.50 2 0
github.com/varobledo_meli/W17-G10-Bootcamp.git/internal/service/buyer.go:42.50,44.3 1 0
github.com/varobledo_meli/W17-G10-Bootcamp.git/internal/service/buyer.go:45.2,46.19 2 0
github.com/varobledo_meli/W17-G10-Bootcamp.git/internal/service/buyer.go:49.67,51.2 1 0
github.com/varobledo_meli/W17-G10-Bootcamp.git/internal/service/buyer.go:53.86,55.16 2 0
github.com/varobledo_meli/W17-G10-Bootcamp.git/internal/service/buyer.go:55.16,57.3 1 0
github.com/varobledo_meli/W17-G10-Bootcamp.git/internal/service/buyer.go:59.2,60.58 2 0
github.com/varobledo_meli/W17-G10-Bootcamp.git/internal/service/buyer.go:60.58,62.3 1 0
github.com/varobledo_meli/W17-G10-Bootcamp.git/internal/service/buyer.go:64.2,64.16 1 0
github.com/varobledo_meli/W17-G10-Bootcamp.git/internal/service/buyer.go:67.94,69.16 2 0
github.com/varobledo_meli/W17-G10-Bootcamp.git/internal/service/buyer.go:69.16,71.3 1 0
github.com/varobledo_meli/W17-G10-Bootcamp.git/internal/service/buyer.go:73.2,74.19 2 0
github.com/varobledo_meli/W17-G10-Bootcamp.git/internal/service/buyer_interface.go:22.66,24.2 1 0
github.com/varobledo_meli/W17-G10-Bootcamp.git/internal/service/carry.go:12.89,14.16 2 0
github.com/varobledo_meli/W17-G10-Bootcamp.git/internal/service/carry.go:14.16,16.3 1 0
github.com/varobledo_meli/W17-G10-Bootcamp.git/internal/service/carry.go:17.2,17.16 1 0
github.com/varobledo_meli/W17-G10-Bootcamp.git/internal/service/carry.go:24.103,25.23 1 0
github.com/varobledo_meli/W17-G10-Bootcamp.git/internal/service/carry.go:25.23,27.3 1 0
github.com/varobledo_meli/W17-G10-Bootcamp.git/internal/service/carry.go:29.2,30.16 2 0
github.com/varobledo_meli/W17-G10-Bootcamp.git/internal/service/carry.go:30.16,32.3 1 0
github.com/varobledo_meli/W17-G10-Bootcamp.git/internal/service/carry.go:33.2,33.14 1 0
github.com/varobledo_meli/W17-G10-Bootcamp.git/internal/service/carry.go:33.14,35.3 1 0
github.com/varobledo_meli/W17-G10-Bootcamp.git/internal/service/carry.go:36.2,36.59 1 0
github.com/varobledo_meli/W17-G10-Bootcamp.git/internal/service/carry_interface.go:20.105,25.2 1 0
github.com/varobledo_meli/W17-G10-Bootcamp.git/internal/service/employee.go:20.113,25.2 1 0
github.com/varobledo_meli/W17-G10-Bootcamp.git/internal/service/employee.go:28.101,30.55 1 0
github.com/varobledo_meli/W17-G10-Bootcamp.git/internal/service/employee.go:30.55,32.3 1 0
github.com/varobledo_meli/W17-G10-Bootcamp.git/internal/service/employee.go:34.2,35.18 2 0
github.com/varobledo_meli/W17-G10-Bootcamp.git/internal/service/employee.go:35.18,37.73 2 0
github.com/varobledo_meli/W17-G10-Bootcamp.git/internal/service/employee.go:37.73,39.4 1 0
github.com/varobledo_meli/W17-G10-Bootcamp.git/internal/service/employee.go:40.3,40.70 1 0
github.com/varobledo_meli/W17-G10-Bootcamp.git/internal/service/employee.go:42.2,42.22 1 0
github.com/varobledo_meli/W17-G10-Bootcamp.git/internal/service/employee.go:42.22,44.3 1 0
github.com/varobledo_meli/W17-G10-Bootcamp.git/internal/service/employee.go:46.2,47.16 2 0
github.com/varobledo_meli/W17-G10-Bootcamp.git/internal/service/employee.go:47.16,49.3 1 0
github.com/varobledo_meli/W17-G10-Bootcamp.git/internal/service/employee.go:50.2,50.16 1 0
github.com/varobledo_meli/W17-G10-Bootcamp.git/internal/service/employee.go:50.16,52.3 1 0
github.com/varobledo_meli/W17-G10-Bootcamp.git/internal/service/employee.go:54.2,54.30 1 0
github.com/varobledo_meli/W17-G10-Bootcamp.git/internal/service/employee.go:58.84,60.16 2 0
github.com/varobledo_meli/W17-G10-Bootcamp.git/internal/service/employee.go:60.16,62.3 1 0
github.com/varobledo_meli/W17-G10-Bootcamp.git/internal/service/employee.go:63.2,63.18 1 0
github.com/varobledo_meli/W17-G10-Bootcamp.git/internal/service/employee.go:67.91,68.58 1 0
github.com/varobledo_meli/W17-G10-Bootcamp.git/internal/service/employee.go:68.58,70.3 1 0
github.com/varobledo_meli/W17-G10-Bootcamp.git/internal/service/employee.go:71.2,72.16 2 0
github.com/varobledo_meli/W17-G10-Bootcamp.git/internal/service/employee.go:72.16,74.3 1 0
github.com/varobledo_meli/W17-G10-Bootcamp.git/internal/service/employee.go:75.2,75.16 1 0
github.com/varobledo_meli/W17-G10-Bootcamp.git/internal/service/employee.go:75.16,77.3 1 0
github.com/varobledo_meli/W17-G10-Bootcamp.git/internal/service/employee.go:78.2,78.17 1 0
github.com/varobledo_meli/W17-G10-Bootcamp.git/internal/service/employee.go:82.118,83.64 1 0
github.com/varobledo_meli/W17-G10-Bootcamp.git/internal/service/employee.go:83.64,85.3 1 0
github.com/varobledo_meli/W17-G10-Bootcamp.git/internal/service/employee.go:86.2,86.13 1 0
github.com/varobledo_meli/W17-G10-Bootcamp.git/internal/service/employee.go:86.13,88.3 1 0
github.com/varobledo_meli/W17-G10-Bootcamp.git/internal/service/employee.go:90.2,91.16 2 0
github.com/varobledo_meli/W17-G10-Bootcamp.git/internal/service/employee.go:91.16,93.3 1 0
github.com/varobledo_meli/W17-G10-Bootcamp.git/internal/service/employee.go:94.2,94.18 1 0
github.com/varobledo_meli/W17-G10-Bootcamp.git/internal/service/employee.go:94.18,96.3 1 0
github.com/varobledo_meli/W17-G10-Bootcamp.git/internal/service/employee.go:98.2,98.31 1 0
github.com/varobledo_meli/W17-G10-Bootcamp.git/internal/service/employee.go:98.31,100.17 2 0
github.com/varobledo_meli/W17-G10-Bootcamp.git/internal/service/employee.go:100.17,102.4 1 0
github.com/varobledo_meli/W17-G10-Bootcamp.git/internal/service/employee.go:103.3,103.33 1 0
github.com/varobledo_meli/W17-G10-Bootcamp.git/internal/service/employee.go:103.33,105.4 1 0
github.com/varobledo_meli/W17-G10-Bootcamp.git/internal/service/employee.go:106.3,106.43 1 0
github.com/varobledo_meli/W17-G10-Bootcamp.git/internal/service/employee.go:108.2,108.28 1 0
github.com/varobledo_meli/W17-G10-Bootcamp.git/internal/service/employee.go:108.28,110.3 1 0
github.com/varobledo_meli/W17-G10-Bootcamp.git/internal/service/employee.go:111.2,111.27 1 0
github.com/varobledo_meli/W17-G10-Bootcamp.git/internal/service/employee.go:111.27,113.3 1 0
github.com/varobledo_meli/W17-G10-Bootcamp.git/internal/service/employee.go:115.2,115.57 1 0
github.com/varobledo_meli/W17-G10-Bootcamp.git/internal/service/employee.go:115.57,117.19 2 0
github.com/varobledo_meli/W17-G10-Bootcamp.git/internal/service/employee.go:117.19,119.74 2 0
github.com/varobledo_meli/W17-G10-Bootcamp.git/internal/service/employee.go:119.74,121.5 1 0
github.com/varobledo_meli/W17-G10-Bootcamp.git/internal/service/employee.go:122.4,122.71 1 0
github.com/varobledo_meli/W17-G10-Bootcamp.git/internal/service/employee.go:124.3,124.23 1 0
github.com/varobledo_meli/W17-G10-Bootcamp.git/internal/service/employee.go:124.23,126.4 1 0
github.com/varobledo_meli/W17-G10-Bootcamp.git/internal/service/employee.go:127.3,127.41 1 0
github.com/varobledo_meli/W17-G10-Bootcamp.git/internal/service/employee.go:130.2,130.54 1 0
github.com/varobledo_meli/W17-G10-Bootcamp.git/internal/service/employee.go:130.54,132.3 1 0
github.com/varobledo_meli/W17-G10-Bootcamp.git/internal/service/employee.go:133.2,134.16 2 0
github.com/varobledo_meli/W17-G10-Bootcamp.git/internal/service/employee.go:134.16,136.3 1 0
github.com/varobledo_meli/W17-G10-Bootcamp.git/internal/service/employee.go:137.2,137.21 1 0
github.com/varobledo_meli/W17-G10-Bootcamp.git/internal/service/employee.go:141.69,142.58 1 0
github.com/varobledo_meli/W17-G10-Bootcamp.git/internal/service/employee.go:142.58,144.3 1 0
github.com/varobledo_meli/W17-G10-Bootcamp.git/internal/service/employee.go:145.2,146.16 2 0
github.com/varobledo_meli/W17-G10-Bootcamp.git/internal/service/employee.go:146.16,148.3 1 0
github.com/varobledo_meli/W17-G10-Bootcamp.git/internal/service/employee.go:149.2,149.18 1 0
github.com/varobledo_meli/W17-G10-Bootcamp.git/internal/service/employee.go:149.18,151.3 1 0
github.com/varobledo_meli/W17-G10-Bootcamp.git/internal/service/employee.go:152.2,152.47 1 0
github.com/varobledo_meli/W17-G10-Bootcamp.git/internal/service/employee.go:152.47,154.3 1 0
github.com/varobledo_meli/W17-G10-Bootcamp.git/internal/service/employee.go:155.2,155.12 1 0
github.com/varobledo_meli/W17-G10-Bootcamp.git/internal/service/geography.go:11.119,13.16 2 0
github.com/varobledo_meli/W17-G10-Bootcamp.git/internal/service/geography.go:13.16,16.3 1 0
github.com/varobledo_meli/W17-G10-Bootcamp.git/internal/service/geography.go:18.2,18.15 1 0
github.com/varobledo_meli/W17-G10-Bootcamp.git/internal/service/geography.go:18.15,19.17 1 0
github.com/varobledo_meli/W17-G10-Bootcamp.git/internal/service/geography.go:19.17,21.4 1 0
github.com/varobledo_meli/W17-G10-Bootcamp.git/internal/service/geography.go:24.2,25.16 2 0
github.com/varobledo_meli/W17-G10-Bootcamp.git/internal/service/geography.go:25.16,27.3 1 0
github.com/varobledo_meli/W17-G10-Bootcamp.git/internal/service/geography.go:29.2,30.16 2 0
github.com/varobledo_meli/W17-G10-Bootcamp.git/internal/service/geography.go:30.16,32.3 1 0
github.com/varobledo_meli/W17-G10-Bootcamp.git/internal/service/geography.go:34.2,35.16 2 0
github.com/varobledo_meli/W17-G10-Bootcamp.git/internal/service/geography.go:35.16,37.3 1 0
github.com/varobledo_meli/W17-G10-Bootcamp.git/internal/service/geography.go:39.2,39.41 1 0
github.com/varobledo_meli/W17-G10-Bootcamp.git/internal/service/geography.go:39.41,42.3 1 0
github.com/varobledo_meli/W17-G10-Bootcamp.git/internal/service/geography.go:44.2,49.8 1 0
github.com/varobledo_meli/W17-G10-Bootcamp.git/internal/service/geography.go:52.121,54.2 1 0
github.com/varobledo_meli/W17-G10-Bootcamp.git/internal/service/geography.go:56.124,58.16 2 0
github.com/varobledo_meli/W17-G10-Bootcamp.git/internal/service/geography.go:58.16,60.3 1 0
github.com/varobledo_meli/W17-G10-Bootcamp.git/internal/service/geography.go:62.2,62.18 1 0
github.com/varobledo_meli/W17-G10-Bootcamp.git/internal/service/geography.go:65.120,67.16 2 0
github.com/varobledo_meli/W17-G10-Bootcamp.git/internal/service/geography.go:67.16,68.56 1 0
github.com/varobledo_meli/W17-G10-Bootcamp.git/internal/service/geography.go:68.56,71.18 3 0
github.com/varobledo_meli/W17-G10-Bootcamp.git/internal/service/geography.go:71.18,73.5 1 0
github.com/varobledo_meli/W17-G10-Bootcamp.git/internal/service/geography.go:74.9,76.4 1 0
github.com/varobledo_meli/W17-G10-Bootcamp.git/internal/service/geography.go:78.2,78.21 1 0
github.com/varobledo_meli/W17-G10-Bootcamp.git/internal/service/geography.go:81.138,83.16 2 0
github.com/varobledo_meli/W17-G10-Bootcamp.git/internal/service/geography.go:83.16,84.56 1 0
github.com/varobledo_meli/W17-G10-Bootcamp.git/internal/service/geography.go:84.56,87.18 3 0
github.com/varobledo_meli/W17-G10-Bootcamp.git/internal/service/geography.go:87.18,89.5 1 0
github.com/varobledo_meli/W17-G10-Bootcamp.git/internal/service/geography.go:90.9,92.4 1 0
github.com/varobledo_meli/W17-G10-Bootcamp.git/internal/service/geography.go:94.2,94.22 1 0
github.com/varobledo_meli/W17-G10-Bootcamp.git/internal/service/geography.go:97.158,100.16 2 0
github.com/varobledo_meli/W17-G10-Bootcamp.git/internal/service/geography.go:100.16,102.3 1 0
github.com/varobledo_meli/W17-G10-Bootcamp.git/internal/service/geography.go:104.2,104.55 1 0
github.com/varobledo_meli/W17-G10-Bootcamp.git/internal/service/geography.go:104.55,107.17 3 0
github.com/varobledo_meli/W17-G10-Bootcamp.git/internal/service/geography.go:107.17,109.4 1 0
github.com/varobledo_meli/W17-G10-Bootcamp.git/internal/service/geography.go:110.3,110.23 1 0
github.com/varobledo_meli/W17-G10-Bootcamp.git/internal/service/geography.go:113.2,113.17 1 0
github.com/varobledo_meli/W17-G10-Bootcamp.git/internal/service/geography_interface.go:20.78,22.2 1 0
github.com/varobledo_meli/W17-G10-Bootcamp.git/internal/service/inbound_order.go:21.156,27.2 1 0
github.com/varobledo_meli/W17-G10-Bootcamp.git/internal/service/inbound_order.go:30.113,32.59 1 0
github.com/varobledo_meli/W17-G10-Bootcamp.git/internal/service/inbound_order.go:32.59,34.3 1 0
github.com/varobledo_meli/W17-G10-Bootcamp.git/internal/service/inbound_order.go:36.2,37.16 2 0
github.com/varobledo_meli/W17-G10-Bootcamp.git/internal/service/inbound_order.go:37.16,39.3 1 0
github.com/varobledo_meli/W17-G10-Bootcamp.git/internal/service/inbound_order.go:40.2,40.12 1 0
github.com/varobledo_meli/W17-G10-Bootcamp.git/internal/service/inbound_order.go:40.12,42.3 1 0
github.com/varobledo_meli/W17-G10-Bootcamp.git/internal/service/inbound_order.go:44.2,45.16 2 0
github.com/varobledo_meli/W17-G10-Bootcamp.git/internal/service/inbound_order.go:45.16,47.3 1 0
github.com/varobledo_meli/W17-G10-Bootcamp.git/internal/service/inbound_order.go:48.2,48.16 1 0
github.com/varobledo_meli/W17-G10-Bootcamp.git/internal/service/inbound_order.go:48.16,50.3 1 0
github.com/varobledo_meli/W17-G10-Bootcamp.git/internal/service/inbound_order.go:52.2,53.18 2 0
github.com/varobledo_meli/W17-G10-Bootcamp.git/internal/service/inbound_order.go:53.18,55.73 2 0
github.com/varobledo_meli/W17-G10-Bootcamp.git/internal/service/inbound_order.go:55.73,57.4 1 0
github.com/varobledo_meli/W17-G10-Bootcamp.git/internal/service/inbound_order.go:58.3,58.70 1 0
github.com/varobledo_meli/W17-G10-Bootcamp.git/internal/service/inbound_order.go:60.2,60.22 1 0
github.com/varobledo_meli/W17-G10-Bootcamp.git/internal/service/inbound_order.go:60.22,62.3 1 0
github.com/varobledo_meli/W17-G10-Bootcamp.git/internal/service/inbound_order.go:64.2,64.30 1 0
github.com/varobledo_meli/W17-G10-Bootcamp.git/internal/service/inbound_order.go:68.97,69.23 1 0
github.com/varobledo_meli/W17-G10-Bootcamp.git/internal/service/inbound_order.go:69.23,72.3 1 0
github.com/varobledo_meli/W17-G10-Bootcamp.git/internal/service/inbound_order.go:74.2,74.44 1 0
github.com/varobledo_meli/W17-G10-Bootcamp.git/internal/service/product.go:16.71,18.2 1 0
github.com/varobledo_meli/W17-G10-Bootcamp.git/internal/service/product.go:20.88,22.16 2 0
github.com/varobledo_meli/W17-G10-Bootcamp.git/internal/service/product.go:22.16,24.3 1 0
github.com/varobledo_meli/W17-G10-Bootcamp.git/internal/service/product.go:25.2,25.48 1 0
github.com/varobledo_meli/W17-G10-Bootcamp.git/internal/service/product.go:28.107,29.70 1 0
github.com/varobledo_meli/W17-G10-Bootcamp.git/internal/service/product.go:29.70,31.30 2 0
github.com/varobledo_meli/W17-G10-Bootcamp.git/internal/service/product.go:31.30,33.4 1 0
github.com/varobledo_meli/W17-G10-Bootcamp.git/internal/service/product.go:34.3,34.96 1 0
github.com/varobledo_meli/W17-G10-Bootcamp.git/internal/service/product.go:37.2,38.16 2 0
github.com/varobledo_meli/W17-G10-Bootcamp.git/internal/service/product.go:38.16,40.3 1 0
github.com/varobledo_meli/W17-G10-Bootcamp.git/internal/service/product.go:42.2,42.46 1 0
github.com/varobledo_meli/W17-G10-Bootcamp.git/internal/service/product.go:45.95,47.16 2 0
github.com/varobledo_meli/W17-G10-Bootcamp.git/internal/service/product.go:47.16,49.3 1 0
github.com/varobledo_meli/W17-G10-Bootcamp.git/internal/service/product.go:51.2,51.48 1 0
github.com/varobledo_meli/W17-G10-Bootcamp.git/internal/service/product.go:54.68,56.16 2 0
github.com/varobledo_meli/W17-G10-Bootcamp.git/internal/service/product.go:56.16,58.3 1 0
github.com/varobledo_meli/W17-G10-Bootcamp.git/internal/service/product.go:60.2,60.12 1 0
github.com/varobledo_meli/W17-G10-Bootcamp.git/internal/service/product.go:63.125,65.16 2 0
github.com/varobledo_meli/W17-G10-Bootcamp.git/internal/service/product.go:65.16,67.3 1 0
github.com/varobledo_meli/W17-G10-Bootcamp.git/internal/service/product.go:69.2,69.48 1 0
github.com/varobledo_meli/W17-G10-Bootcamp.git/internal/service/product_batches.go:10.136,12.16 2 0
github.com/varobledo_meli/W17-G10-Bootcamp.git/internal/service/product_batches.go:12.16,14.3 1 0
github.com/varobledo_meli/W17-G10-Bootcamp.git/internal/service/product_batches.go:15.2,15.22 1 0
github.com/varobledo_meli/W17-G10-Bootcamp.git/internal/service/product_batches.go:20.125,22.16 2 0
github.com/varobledo_meli/W17-G10-Bootcamp.git/internal/service/product_batches.go:22.16,24.3 1 0
github.com/varobledo_meli/W17-G10-Bootcamp.git/internal/service/product_batches.go:25.2,25.27 1 0
github.com/varobledo_meli/W17-G10-Bootcamp.git/internal/service/product_batches.go:30.103,32.16 2 0
github.com/varobledo_meli/W17-G10-Bootcamp.git/internal/service/product_batches.go:32.16,34.3 1 0
github.com/varobledo_meli/W17-G10-Bootcamp.git/internal/service/product_batches.go:35.2,35.28 1 0
github.com/varobledo_meli/W17-G10-Bootcamp.git/internal/service/product_batches_interface.go:22.95,26.2 1 0
github.com/varobledo_meli/W17-G10-Bootcamp.git/internal/service/product_record.go:18.92,20.2 1 0
github.com/varobledo_meli/W17-G10-Bootcamp.git/internal/service/product_record.go:22.127,23.78 1 0
github.com/varobledo_meli/W17-G10-Bootcamp.git/internal/service/product_record.go:23.78,25.30 2 0
github.com/varobledo_meli/W17-G10-Bootcamp.git/internal/service/product_record.go:25.30,27.4 1 0
github.com/varobledo_meli/W17-G10-Bootcamp.git/internal/service/product_record.go:28.3,28.102 1 0
github.com/varobledo_meli/W17-G10-Bootcamp.git/internal/service/product_record.go:31.2,32.16 2 0
github.com/varobledo_meli/W17-G10-Bootcamp.git/internal/service/product_record.go:32.16,34.3 1 0
github.com/varobledo_meli/W17-G10-Bootcamp.git/internal/service/product_record.go:37.2,37.25 1 0
github.com/varobledo_meli/W17-G10-Bootcamp.git/internal/service/product_record.go:40.130,42.16 2 0
github.com/varobledo_meli/W17-G10-Bootcamp.git/internal/service/product_record.go:42.16,44.3 1 0
github.com/varobledo_meli/W17-G10-Bootcamp.git/internal/service/product_record.go:46.2,46.60 1 0
github.com/varobledo_meli/W17-G10-Bootcamp.git/internal/service/purchase_order.go:17.92,19.2 1 0
github.com/varobledo_meli/W17-G10-Bootcamp.git/internal/service/purchase_order.go:21.132,23.16 2 0
github.com/varobledo_meli/W17-G10-Bootcamp.git/internal/service/purchase_order.go:23.16,28.3 1 0
github.com/varobledo_meli/W17-G10-Bootcamp.git/internal/service/purchase_order.go:30.2,30.36 1 0
github.com/varobledo_meli/W17-G10-Bootcamp.git/internal/service/purchase_order.go:30.36,35.3 1 0
github.com/varobledo_meli/W17-G10-Bootcamp.git/internal/service/purchase_order.go:37.2,38.16 2 0
github.com/varobledo_meli/W17-G10-Bootcamp.git/internal/service/purchase_order.go:38.16,40.3 1 0
github.com/varobledo_meli/W17-G10-Bootcamp.git/internal/service/purchase_order.go:42.2,43.23 2 0
github.com/varobledo_meli/W17-G10-Bootcamp.git/internal/service/purchase_order.go:46.100,48.16 2 0
github.com/varobledo_meli/W17-G10-Bootcamp.git/internal/service/purchase_order.go:48.16,50.3 1 0
github.com/varobledo_meli/W17-G10-Bootcamp.git/internal/service/purchase_order.go:52.2,52.54 1 0
github.com/varobledo_meli/W17-G10-Bootcamp.git/internal/service/purchase_order.go:55.108,57.16 2 0
github.com/varobledo_meli/W17-G10-Bootcamp.git/internal/service/purchase_order.go:57.16,59.3 1 0
github.com/varobledo_meli/W17-G10-Bootcamp.git/internal/service/purchase_order.go:61.2,62.23 2 0
github.com/varobledo_meli/W17-G10-Bootcamp.git/internal/service/purchase_order.go:65.125,66.20 1 0
github.com/varobledo_meli/W17-G10-Bootcamp.git/internal/service/purchase_order.go:66.20,68.17 2 0
github.com/varobledo_meli/W17-G10-Bootcamp.git/internal/service/purchase_order.go:68.17,70.4 1 0
github.com/varobledo_meli/W17-G10-Bootcamp.git/internal/service/purchase_order.go:71.3,71.21 1 0
github.com/varobledo_meli/W17-G10-Bootcamp.git/internal/service/purchase_order.go:74.2,75.16 2 0
github.com/varobledo_meli/W17-G10-Bootcamp.git/internal/service/purchase_order.go:75.16,77.3 1 0
github.com/varobledo_meli/W17-G10-Bootcamp.git/internal/service/purchase_order.go:78.2,78.20 1 0
github.com/varobledo_meli/W17-G10-Bootcamp.git/internal/service/section.go:11.89,13.16 2 0
github.com/varobledo_meli/W17-G10-Bootcamp.git/internal/service/section.go:13.16,15.3 1 0
github.com/varobledo_meli/W17-G10-Bootcamp.git/internal/service/section.go:16.2,16.22 1 0
github.com/varobledo_meli/W17-G10-Bootcamp.git/internal/service/section.go:20.89,22.16 2 0
github.com/varobledo_meli/W17-G10-Bootcamp.git/internal/service/section.go:22.16,24.3 1 0
github.com/varobledo_meli/W17-G10-Bootcamp.git/internal/service/section.go:25.2,25.17 1 0
github.com/varobledo_meli/W17-G10-Bootcamp.git/internal/service/section.go:29.75,31.16 2 0
github.com/varobledo_meli/W17-G10-Bootcamp.git/internal/service/section.go:31.16,33.3 1 0
github.com/varobledo_meli/W17-G10-Bootcamp.git/internal/service/section.go:34.2,34.12 1 0
github.com/varobledo_meli/W17-G10-Bootcamp.git/internal/service/section.go:39.106,41.16 2 0
github.com/varobledo_meli/W17-G10-Bootcamp.git/internal/service/section.go:41.16,43.3 1 0
github.com/varobledo_meli/W17-G10-Bootcamp.git/internal/service/section.go:44.2,44.24 1 0
github.com/varobledo_meli/W17-G10-Bootcamp.git/internal/service/section.go:50.119,52.16 2 0
github.com/varobledo_meli/W17-G10-Bootcamp.git/internal/service/section.go:52.16,54.3 1 0
github.com/varobledo_meli/W17-G10-Bootcamp.git/internal/service/section.go:56.2,60.16 3 0
github.com/varobledo_meli/W17-G10-Bootcamp.git/internal/service/section.go:60.16,62.3 1 0
github.com/varobledo_meli/W17-G10-Bootcamp.git/internal/service/section.go:64.2,64.20 1 0
github.com/varobledo_meli/W17-G10-Bootcamp.git/internal/service/section_interface.go:25.72,29.2 1 0
github.com/varobledo_meli/W17-G10-Bootcamp.git/internal/service/seller.go:11.113,15.16 3 0
github.com/varobledo_meli/W17-G10-Bootcamp.git/internal/service/seller.go:15.16,17.3 1 0
github.com/varobledo_meli/W17-G10-Bootcamp.git/internal/service/seller.go:19.2,21.20 2 0
github.com/varobledo_meli/W17-G10-Bootcamp.git/internal/service/seller.go:24.121,26.16 2 0
github.com/varobledo_meli/W17-G10-Bootcamp.git/internal/service/seller.go:26.16,28.3 1 0
github.com/varobledo_meli/W17-G10-Bootcamp.git/internal/service/seller.go:30.2,33.16 3 0
github.com/varobledo_meli/W17-G10-Bootcamp.git/internal/service/seller.go:33.16,35.3 1 0
github.com/varobledo_meli/W17-G10-Bootcamp.git/internal/service/seller.go:37.2,39.20 2 0
github.com/varobledo_meli/W17-G10-Bootcamp.git/internal/service/seller.go:42.68,44.16 2 0
github.com/varobledo_meli/W17-G10-Bootcamp.git/internal/service/seller.go:44.16,46.3 1 0
github.com/varobledo_meli/W17-G10-Bootcamp.git/internal/service/seller.go:48.2,48.12 1 0
github.com/varobledo_meli/W17-G10-Bootcamp.git/internal/service/seller.go:51.88,53.16 2 0
github.com/varobledo_meli/W17-G10-Bootcamp.git/internal/service/seller.go:53.16,55.3 1 0
github.com/varobledo_meli/W17-G10-Bootcamp.git/internal/service/seller.go:57.2,59.59 2 0
github.com/varobledo_meli/W17-G10-Bootcamp.git/internal/service/seller.go:59.59,61.3 1 0
github.com/varobledo_meli/W17-G10-Bootcamp.git/internal/service/seller.go:63.2,63.16 1 0
github.com/varobledo_meli/W17-G10-Bootcamp.git/internal/service/seller.go:66.96,68.16 2 0
github.com/varobledo_meli/W17-G10-Bootcamp.git/internal/service/seller.go:68.16,70.3 1 0
github.com/varobledo_meli/W17-G10-Bootcamp.git/internal/service/seller.go:72.2,74.20 2 0
github.com/varobledo_meli/W17-G10-Bootcamp.git/internal/service/seller_interface.go:42.117,47.2 1 0
github.com/varobledo_meli/W17-G10-Bootcamp.git/internal/service/warehouse.go:14.109,16.16 2 0
github.com/varobledo_meli/W17-G10-Bootcamp.git/internal/service/warehouse.go:16.16,18.3 1 0
github.com/varobledo_meli/W17-G10-Bootcamp.git/internal/service/warehouse.go:19.2,19.16 1 0
github.com/varobledo_meli/W17-G10-Bootcamp.git/internal/service/warehouse.go:24.88,26.16 2 0
github.com/varobledo_meli/W17-G10-Bootcamp.git/internal/service/warehouse.go:26.16,28.3 1 0
github.com/varobledo_meli/W17-G10-Bootcamp.git/internal/service/warehouse.go:30.2,30.19 1 0
github.com/varobledo_meli/W17-G10-Bootcamp.git/internal/service/warehouse.go:30.19,32.3 1 0
github.com/varobledo_meli/W17-G10-Bootcamp.git/internal/service/warehouse.go:34.2,34.38 1 0
github.com/varobledo_meli/W17-G10-Bootcamp.git/internal/service/warehouse.go:34.38,36.3 1 0
github.com/varobledo_meli/W17-G10-Bootcamp.git/internal/service/warehouse.go:38.2,38.17 1 0
github.com/varobledo_meli/W17-G10-Bootcamp.git/internal/service/warehouse.go:43.96,45.16 2 0
github.com/varobledo_meli/W17-G10-Bootcamp.git/internal/service/warehouse.go:45.16,47.3 1 0
github.com/varobledo_meli/W17-G10-Bootcamp.git/internal/service/warehouse.go:48.2,48.15 1 0
github.com/varobledo_meli/W17-G10-Bootcamp.git/internal/service/warehouse.go:55.129,57.16 2 0
github.com/varobledo_meli/W17-G10-Bootcamp.git/internal/service/warehouse.go:57.16,59.3 1 0
github.com/varobledo_meli/W17-G10-Bootcamp.git/internal/service/warehouse.go:61.2,61.34 1 0
github.com/varobledo_meli/W17-G10-Bootcamp.git/internal/service/warehouse.go:61.34,62.84 1 0
github.com/varobledo_meli/W17-G10-Bootcamp.git/internal/service/warehouse.go:62.84,64.4 1 0
github.com/varobledo_meli/W17-G10-Bootcamp.git/internal/service/warehouse.go:67.2,70.20 3 0
github.com/varobledo_meli/W17-G10-Bootcamp.git/internal/service/warehouse.go:70.20,72.3 1 0
github.com/varobledo_meli/W17-G10-Bootcamp.git/internal/service/warehouse.go:73.2,73.21 1 0
github.com/varobledo_meli/W17-G10-Bootcamp.git/internal/service/warehouse.go:79.70,81.16 2 0
github.com/varobledo_meli/W17-G10-Bootcamp.git/internal/service/warehouse.go:81.16,83.3 1 0
github.com/varobledo_meli/W17-G10-Bootcamp.git/internal/service/warehouse.go:84.2,84.29 1 0
github.com/varobledo_meli/W17-G10-Bootcamp.git/internal/service/warehouse_interface.go:22.79,24.2 1 0
github.com/varobledo_meli/W17-G10-Bootcamp.git/internal/router/buyers.go:8.65,9.42 1 0
github.com/varobledo_meli/W17-G10-Bootcamp.git/internal/router/buyers.go:9.42,15.3 5 0
github.com/varobledo_meli/W17-G10-Bootcamp.git/internal/router/carry.go:8.65,9.43 1 0
github.com/varobledo_meli/W17-G10-Bootcamp.git/internal/router/carry.go:9.43,11.3 1 0
github.com/varobledo_meli/W17-G10-Bootcamp.git/internal/router/employees.go:9.71,10.45 1 0
github.com/varobledo_meli/W17-G10-Bootcamp.git/internal/router/employees.go:10.45,16.3 5 0
github.com/varobledo_meli/W17-G10-Bootcamp.git/internal/router/geography.go:8.113,9.46 1 0
github.com/varobledo_meli/W17-G10-Bootcamp.git/internal/router/geography.go:9.46,13.3 3 0
github.com/varobledo_meli/W17-G10-Bootcamp.git/internal/router/inbound_order.go:9.79,10.49 1 0
github.com/varobledo_meli/W17-G10-Bootcamp.git/internal/router/inbound_order.go:10.49,12.3 1 0
github.com/varobledo_meli/W17-G10-Bootcamp.git/internal/router/inbound_order.go:13.2,13.54 1 0
github.com/varobledo_meli/W17-G10-Bootcamp.git/internal/router/product_batches.go:8.83,9.50 1 0
github.com/varobledo_meli/W17-G10-Bootcamp.git/internal/router/product_batches.go:9.50,11.3 1 0
github.com/varobledo_meli/W17-G10-Bootcamp.git/internal/router/product_record.go:8.81,9.50 1 0
github.com/varobledo_meli/W17-G10-Bootcamp.git/internal/router/product_record.go:9.50,11.3 1 0
github.com/varobledo_meli/W17-G10-Bootcamp.git/internal/router/products.go:8.133,9.44 1 0
github.com/varobledo_meli/W17-G10-Bootcamp.git/internal/router/products.go:9.44,16.39 4 0
github.com/varobledo_meli/W17-G10-Bootcamp.git/internal/router/products.go:16.39,20.4 3 0
github.com/varobledo_meli/W17-G10-Bootcamp.git/internal/router/purchase_order.go:8.78,14.2 2 0
github.com/varobledo_meli/W17-G10-Bootcamp.git/internal/router/router.go:23.12,30.45 5 0
github.com/varobledo_meli/W17-G10-Bootcamp.git/internal/router/router.go:30.45,43.3 12 0
github.com/varobledo_meli/W17-G10-Bootcamp.git/internal/router/router.go:45.2,45.13 1 0
github.com/varobledo_meli/W17-G10-Bootcamp.git/internal/router/sections.go:8.106,9.44 1 0
github.com/varobledo_meli/W17-G10-Bootcamp.git/internal/router/sections.go:9.44,18.3 6 0
github.com/varobledo_meli/W17-G10-Bootcamp.git/internal/router/sellers.go:8.67,9.43 1 0
github.com/varobledo_meli/W17-G10-Bootcamp.git/internal/router/sellers.go:9.43,15.3 5 0
github.com/varobledo_meli/W17-G10-Bootcamp.git/internal/router/warehouses.go:8.73,9.46 1 0
github.com/varobledo_meli/W17-G10-Bootcamp.git/internal/router/warehouses.go:9.46,15.3 5 0
github.com/varobledo_meli/W17-G10-Bootcamp.git/pkg/api/apperrors/errors.go:15.35,17.2 1 0
github.com/varobledo_meli/W17-G10-Bootcamp.git/pkg/api/apperrors/errors.go:20.50,22.13 2 0
github.com/varobledo_meli/W17-G10-Bootcamp.git/pkg/api/apperrors/errors.go:22.13,26.3 2 0
github.com/varobledo_meli/W17-G10-Bootcamp.git/pkg/api/apperrors/errors.go:28.2,33.3 1 0
github.com/varobledo_meli/W17-G10-Bootcamp.git/pkg/api/apperrors/errors.go:37.48,38.16 1 0
github.com/varobledo_meli/W17-G10-Bootcamp.git/pkg/api/apperrors/errors.go:38.16,40.3 1 0
github.com/varobledo_meli/W17-G10-Bootcamp.git/pkg/api/apperrors/errors.go:42.2,43.29 2 0
github.com/varobledo_meli/W17-G10-Bootcamp.git/pkg/api/apperrors/errors.go:43.29,45.3 1 0
github.com/varobledo_meli/W17-G10-Bootcamp.git/pkg/api/apperrors/errors.go:47.2,47.43 1 0
github.com/varobledo_meli/W17-G10-Bootcamp.git/pkg/api/apperrors/errors.go:51.72,54.30 2 0
github.com/varobledo_meli/W17-G10-Bootcamp.git/pkg/api/apperrors/errors.go:54.30,56.3 1 0
github.com/varobledo_meli/W17-G10-Bootcamp.git/pkg/api/apperrors/errors.go:57.2,65.3 2 0
github.com/varobledo_meli/W17-G10-Bootcamp.git/pkg/api/apperrors/errors.go:68.46,70.29 2 0
github.com/varobledo_meli/W17-G10-Bootcamp.git/pkg/api/apperrors/errors.go:70.29,72.3 1 0
github.com/varobledo_meli/W17-G10-Bootcamp.git/pkg/api/apperrors/errors.go:73.2,73.14 1 0
github.com/varobledo_meli/W17-G10-Bootcamp.git/internal/validators/buyer.go:8.71,11.44 1 0
github.com/varobledo_meli/W17-G10-Bootcamp.git/internal/validators/buyer.go:11.44,13.3 1 0
github.com/varobledo_meli/W17-G10-Bootcamp.git/internal/validators/buyer.go:14.2,14.12 1 0
github.com/varobledo_meli/W17-G10-Bootcamp.git/internal/validators/buyer.go:17.70,18.54 1 0
github.com/varobledo_meli/W17-G10-Bootcamp.git/internal/validators/buyer.go:18.54,20.3 1 0
github.com/varobledo_meli/W17-G10-Bootcamp.git/internal/validators/buyer.go:21.2,21.48 1 0
github.com/varobledo_meli/W17-G10-Bootcamp.git/internal/validators/buyer.go:21.48,23.3 1 0
github.com/varobledo_meli/W17-G10-Bootcamp.git/internal/validators/buyer.go:24.2,24.46 1 0
github.com/varobledo_meli/W17-G10-Bootcamp.git/internal/validators/buyer.go:24.46,26.3 1 0
github.com/varobledo_meli/W17-G10-Bootcamp.git/internal/validators/buyer.go:27.2,27.12 1 0
github.com/varobledo_meli/W17-G10-Bootcamp.git/internal/validators/buyer.go:30.77,31.73 1 0
github.com/varobledo_meli/W17-G10-Bootcamp.git/internal/validators/buyer.go:31.73,33.3 1 0
github.com/varobledo_meli/W17-G10-Bootcamp.git/internal/validators/buyer.go:34.2,34.12 1 0
github.com/varobledo_meli/W17-G10-Bootcamp.git/internal/validators/buyer.go:37.61,39.2 1 0
github.com/varobledo_meli/W17-G10-Bootcamp.git/internal/validators/carry.go:8.63,9.112 1 0
github.com/varobledo_meli/W17-G10-Bootcamp.git/internal/validators/carry.go:9.112,11.3 1 0
github.com/varobledo_meli/W17-G10-Bootcamp.git/internal/validators/carry.go:13.2,13.34 1 0
github.com/varobledo_meli/W17-G10-Bootcamp.git/internal/validators/carry.go:13.34,15.3 1 0
github.com/varobledo_meli/W17-G10-Bootcamp.git/internal/validators/carry.go:16.2,16.12 1 0
github.com/varobledo_meli/W17-G10-Bootcamp.git/internal/validators/common.go:5.52,6.16 1 0
github.com/varobledo_meli/W17-G10-Bootcamp.git/internal/validators/common.go:6.16,8.3 1 0
github.com/varobledo_meli/W17-G10-Bootcamp.git/internal/validators/common.go:9.2,9.12 1 0
github.com/varobledo_meli/W17-G10-Bootcamp.git/internal/validators/employee.go:12.49,13.14 1 0
github.com/varobledo_meli/W17-G10-Bootcamp.git/internal/validators/employee.go:13.14,15.3 1 0
github.com/varobledo_meli/W17-G10-Bootcamp.git/internal/validators/employee.go:16.2,16.45 1 0
github.com/varobledo_meli/W17-G10-Bootcamp.git/internal/validators/employee.go:16.45,18.3 1 0
github.com/varobledo_meli/W17-G10-Bootcamp.git/internal/validators/employee.go:19.2,19.42 1 0
github.com/varobledo_meli/W17-G10-Bootcamp.git/internal/validators/employee.go:19.42,21.3 1 0
github.com/varobledo_meli/W17-G10-Bootcamp.git/internal/validators/employee.go:22.2,22.41 1 0
github.com/varobledo_meli/W17-G10-Bootcamp.git/internal/validators/employee.go:22.41,24.3 1 0
github.com/varobledo_meli/W17-G10-Bootcamp.git/internal/validators/employee.go:25.2,25.24 1 0
github.com/varobledo_meli/W17-G10-Bootcamp.git/internal/validators/employee.go:25.24,27.3 1 0
github.com/varobledo_meli/W17-G10-Bootcamp.git/internal/validators/employee.go:28.2,28.23 1 0
github.com/varobledo_meli/W17-G10-Bootcamp.git/internal/validators/employee.go:28.23,30.3 1 0
github.com/varobledo_meli/W17-G10-Bootcamp.git/internal/validators/employee.go:31.2,31.12 1 0
github.com/varobledo_meli/W17-G10-Bootcamp.git/internal/validators/employee.go:35.39,36.13 1 0
github.com/varobledo_meli/W17-G10-Bootcamp.git/internal/validators/employee.go:36.13,38.3 1 0
github.com/varobledo_meli/W17-G10-Bootcamp.git/internal/validators/employee.go:39.2,39.12 1 0
github.com/varobledo_meli/W17-G10-Bootcamp.git/internal/validators/employee.go:43.59,44.71 1 0
github.com/varobledo_meli/W17-G10-Bootcamp.git/internal/validators/employee.go:44.71,46.3 1 0
github.com/varobledo_meli/W17-G10-Bootcamp.git/internal/validators/employee.go:47.2,47.65 1 0
github.com/varobledo_meli/W17-G10-Bootcamp.git/internal/validators/employee.go:47.65,49.3 1 0
github.com/varobledo_meli/W17-G10-Bootcamp.git/internal/validators/employee.go:50.2,50.63 1 0
github.com/varobledo_meli/W17-G10-Bootcamp.git/internal/validators/employee.go:50.63,52.3 1 0
github.com/varobledo_meli/W17-G10-Bootcamp.git/internal/validators/employee.go:53.2,53.49 1 0
github.com/varobledo_meli/W17-G10-Bootcamp.git/internal/validators/employee.go:53.49,54.26 1 0
github.com/varobledo_meli/W17-G10-Bootcamp.git/internal/validators/employee.go:54.26,56.4 1 0
github.com/varobledo_meli/W17-G10-Bootcamp.git/internal/validators/employee.go:57.3,57.95 1 0
github.com/varobledo_meli/W17-G10-Bootcamp.git/internal/validators/employee.go:59.2,59.12 1 0
github.com/varobledo_meli/W17-G10-Bootcamp.git/internal/validators/geography.go:8.62,11.34 2 0
github.com/varobledo_meli/W17-G10-Bootcamp.git/internal/validators/geography.go:11.34,14.3 2 0
github.com/varobledo_meli/W17-G10-Bootcamp.git/internal/validators/geography.go:15.2,15.52 1 0
github.com/varobledo_meli/W17-G10-Bootcamp.git/internal/validators/geography.go:15.52,18.3 2 0
github.com/varobledo_meli/W17-G10-Bootcamp.git/internal/validators/geography.go:19.2,19.54 1 0
github.com/varobledo_meli/W17-G10-Bootcamp.git/internal/validators/geography.go:19.54,22.3 2 0
github.com/varobledo_meli/W17-G10-Bootcamp.git/internal/validators/geography.go:23.2,23.54 1 0
github.com/varobledo_meli/W17-G10-Bootcamp.git/internal/validators/geography.go:23.54,26.3 2 0
github.com/varobledo_meli/W17-G10-Bootcamp.git/internal/validators/geography.go:28.2,28.12 1 0
github.com/varobledo_meli/W17-G10-Bootcamp.git/internal/validators/inbound_order.go:12.57,13.14 1 0
github.com/varobledo_meli/W17-G10-Bootcamp.git/internal/validators/inbound_order.go:13.14,15.3 1 0
github.com/varobledo_meli/W17-G10-Bootcamp.git/internal/validators/inbound_order.go:17.2,17.42 1 0
github.com/varobledo_meli/W17-G10-Bootcamp.git/internal/validators/inbound_order.go:17.42,19.3 1 0
github.com/varobledo_meli/W17-G10-Bootcamp.git/internal/validators/inbound_order.go:20.2,20.44 1 0
github.com/varobledo_meli/W17-G10-Bootcamp.git/internal/validators/inbound_order.go:20.44,22.3 1 0
github.com/varobledo_meli/W17-G10-Bootcamp.git/internal/validators/inbound_order.go:23.2,23.23 1 0
github.com/varobledo_meli/W17-G10-Bootcamp.git/internal/validators/inbound_order.go:23.23,25.3 1 0
github.com/varobledo_meli/W17-G10-Bootcamp.git/internal/validators/inbound_order.go:26.2,26.27 1 0
github.com/varobledo_meli/W17-G10-Bootcamp.git/internal/validators/inbound_order.go:26.27,28.3 1 0
github.com/varobledo_meli/W17-G10-Bootcamp.git/internal/validators/inbound_order.go:29.2,29.24 1 0
github.com/varobledo_meli/W17-G10-Bootcamp.git/internal/validators/inbound_order.go:29.24,31.3 1 0
github.com/varobledo_meli/W17-G10-Bootcamp.git/internal/validators/inbound_order.go:32.2,32.12 1 0
github.com/varobledo_meli/W17-G10-Bootcamp.git/internal/validators/product.go:12.46,14.2 1 0
github.com/varobledo_meli/W17-G10-Bootcamp.git/internal/validators/product.go:16.60,17.18 1 0
github.com/varobledo_meli/W17-G10-Bootcamp.git/internal/validators/product.go:17.18,19.3 1 0
github.com/varobledo_meli/W17-G10-Bootcamp.git/internal/validators/product.go:20.2,20.42 1 0
github.com/varobledo_meli/W17-G10-Bootcamp.git/internal/validators/product.go:23.42,24.18 1 0
github.com/varobledo_meli/W17-G10-Bootcamp.git/internal/validators/product.go:24.18,26.3 1 0
github.com/varobledo_meli/W17-G10-Bootcamp.git/internal/validators/product.go:27.2,27.14 1 0
github.com/varobledo_meli/W17-G10-Bootcamp.git/internal/validators/product.go:31.76,32.28 1 0
github.com/varobledo_meli/W17-G10-Bootcamp.git/internal/validators/product.go:32.28,35.3 2 0
github.com/varobledo_meli/W17-G10-Bootcamp.git/internal/validators/product.go:36.2,36.34 1 0
github.com/varobledo_meli/W17-G10-Bootcamp.git/internal/validators/product.go:36.34,38.3 1 0
github.com/varobledo_meli/W17-G10-Bootcamp.git/internal/validators/product.go:41.76,42.28 1 0
github.com/varobledo_meli/W17-G10-Bootcamp.git/internal/validators/product.go:42.28,45.3 2 0
github.com/varobledo_meli/W17-G10-Bootcamp.git/internal/validators/product.go:46.2,46.35 1 0
github.com/varobledo_meli/W17-G10-Bootcamp.git/internal/validators/product.go:46.35,48.3 1 0
github.com/varobledo_meli/W17-G10-Bootcamp.git/internal/validators/product.go:51.72,52.28 1 0
github.com/varobledo_meli/W17-G10-Bootcamp.git/internal/validators/product.go:52.28,55.3 2 0
github.com/varobledo_meli/W17-G10-Bootcamp.git/internal/validators/product.go:56.2,56.15 1 0
github.com/varobledo_meli/W17-G10-Bootcamp.git/internal/validators/product.go:56.15,58.3 1 0
github.com/varobledo_meli/W17-G10-Bootcamp.git/internal/validators/product.go:61.74,62.29 1 0
github.com/varobledo_meli/W17-G10-Bootcamp.git/internal/validators/product.go:62.29,65.3 2 0
github.com/varobledo_meli/W17-G10-Bootcamp.git/internal/validators/product.go:66.2,66.16 1 0
github.com/varobledo_meli/W17-G10-Bootcamp.git/internal/validators/product.go:66.16,68.3 1 0
github.com/varobledo_meli/W17-G10-Bootcamp.git/internal/validators/product.go:71.74,72.29 1 0
[...]
github.com/varobledo_meli/W17-G10-Bootcamp.git/internal/repository/product_record.go:88.16,90.3 1 0
github.com/varobledo_meli/W17-G10-Bootcamp.git/internal/repository/product_record.go:92.2,93.20 2 0
github.com/varobledo_meli/W17-G10-Bootcamp.git/internal/repository/product_record.go:96.131,102.20 4 0
github.com/varobledo_meli/W17-G10-Bootcamp.git/internal/repository/product_record.go:102.20,103.70 1 0
github.com/varobledo_meli/W17-G10-Bootcamp.git/internal/repository/product_record.go:103.70,105.4 1 0
github.com/varobledo_meli/W17-G10-Bootcamp.git/internal/repository/product_record.go:106.8,107.87 1 0
github.com/varobledo_meli/W17-G10-Bootcamp.git/internal/repository/product_record.go:107.87,109.4 1 0
github.com/varobledo_meli/W17-G10-Bootcamp.git/internal/repository/product_record.go:111.3,111.24 1 0
github.com/varobledo_meli/W17-G10-Bootcamp.git/internal/repository/product_record.go:111.24,116.4 1 0
github.com/varobledo_meli/W17-G10-Bootcamp.git/internal/repository/product_record.go:119.2,119.21 1 0
github.com/varobledo_meli/W17-G10-Bootcamp.git/internal/repository/product_record.go:122.83,124.31 2 0
github.com/varobledo_meli/W17-G10-Bootcamp.git/internal/repository/product_record.go:124.31,125.26 1 0
github.com/varobledo_meli/W17-G10-Bootcamp.git/internal/repository/product_record.go:126.13,130.5 1 0
github.com/varobledo_meli/W17-G10-Bootcamp.git/internal/repository/product_record.go:131.13,135.5 1 0
github.com/varobledo_meli/W17-G10-Bootcamp.git/internal/repository/product_record.go:136.13,140.5 1 0
github.com/varobledo_meli/W17-G10-Bootcamp.git/internal/repository/product_record.go:143.2,143.33 1 0
github.com/varobledo_meli/W17-G10-Bootcamp.git/internal/repository/purchase_order.go:19.69,21.2 1 0
github.com/varobledo_meli/W17-G10-Bootcamp.git/internal/repository/purchase_order.go:50.119,51.61 1 0
github.com/varobledo_meli/W17-G10-Bootcamp.git/internal/repository/purchase_order.go:51.61,53.3 1 0
github.com/varobledo_meli/W17-G10-Bootcamp.git/internal/repository/purchase_order.go:55.2,55.77 1 0
github.com/varobledo_meli/W17-G10-Bootcamp.git/internal/repository/purchase_order.go:55.77,57.3 1 0
github.com/varobledo_meli/W17-G10-Bootcamp.git/internal/repository/purchase_order.go:59.2,59.46 1 0
github.com/varobledo_meli/W17-G10-Bootcamp.git/internal/repository/purchase_order.go:59.46,61.3 1 0
github.com/varobledo_meli/W17-G10-Bootcamp.git/internal/repository/purchase_order.go:63.2,72.16 2 0
github.com/varobledo_meli/W17-G10-Bootcamp.git/internal/repository/purchase_order.go:72.16,73.50 1 0
github.com/varobledo_meli/W17-G10-Bootcamp.git/internal/repository/purchase_order.go:73.50,75.4 1 0
github.com/varobledo_meli/W17-G10-Bootcamp.git/internal/repository/purchase_order.go:76.3,76.93 1 0
github.com/varobledo_meli/W17-G10-Bootcamp.git/internal/repository/purchase_order.go:79.2,80.16 2 0
github.com/varobledo_meli/W17-G10-Bootcamp.git/internal/repository/purchase_order.go:80.16,82.3 1 0
github.com/varobledo_meli/W17-G10-Bootcamp.git/internal/repository/purchase_order.go:84.2,85.17 2 0
github.com/varobledo_meli/W17-G10-Bootcamp.git/internal/repository/purchase_order.go:88.105,89.61 1 0
github.com/varobledo_meli/W17-G10-Bootcamp.git/internal/repository/purchase_order.go:89.61,91.3 1 0
github.com/varobledo_meli/W17-G10-Bootcamp.git/internal/repository/purchase_order.go:93.2,93.77 1 0
github.com/varobledo_meli/W17-G10-Bootcamp.git/internal/repository/purchase_order.go:93.77,95.3 1 0
github.com/varobledo_meli/W17-G10-Bootcamp.git/internal/repository/purchase_order.go:97.2,97.12 1 0
github.com/varobledo_meli/W17-G10-Bootcamp.git/internal/repository/purchase_order.go:100.96,104.2 3 0
github.com/varobledo_meli/W17-G10-Bootcamp.git/internal/repository/purchase_order.go:106.95,108.16 2 0
github.com/varobledo_meli/W17-G10-Bootcamp.git/internal/repository/purchase_order.go:108.16,110.3 1 0
github.com/varobledo_meli/W17-G10-Bootcamp.git/internal/repository/purchase_order.go:111.2,114.18 3 0
github.com/varobledo_meli/W17-G10-Bootcamp.git/internal/repository/purchase_order.go:114.18,125.17 4 0
github.com/varobledo_meli/W17-G10-Bootcamp.git/internal/repository/purchase_order.go:125.17,127.4 1 0
github.com/varobledo_meli/W17-G10-Bootcamp.git/internal/repository/purchase_order.go:129.3,130.17 2 0
github.com/varobledo_meli/W17-G10-Bootcamp.git/internal/repository/purchase_order.go:130.17,132.4 1 0
github.com/varobledo_meli/W17-G10-Bootcamp.git/internal/repository/purchase_order.go:134.3,134.24 1 0
github.com/varobledo_meli/W17-G10-Bootcamp.git/internal/repository/purchase_order.go:137.2,137.34 1 0
github.com/varobledo_meli/W17-G10-Bootcamp.git/internal/repository/purchase_order.go:137.34,139.3 1 0
github.com/varobledo_meli/W17-G10-Bootcamp.git/internal/repository/purchase_order.go:141.2,141.17 1 0
github.com/varobledo_meli/W17-G10-Bootcamp.git/internal/repository/purchase_order.go:144.103,157.16 5 0
github.com/varobledo_meli/W17-G10-Bootcamp.git/internal/repository/purchase_order.go:157.16,158.36 1 0
github.com/varobledo_meli/W17-G10-Bootcamp.git/internal/repository/purchase_order.go:158.36,160.4 1 0
github.com/varobledo_meli/W17-G10-Bootcamp.git/internal/repository/purchase_order.go:161.3,161.99 1 0
github.com/varobledo_meli/W17-G10-Bootcamp.git/internal/repository/purchase_order.go:164.2,165.16 2 0
github.com/varobledo_meli/W17-G10-Bootcamp.git/internal/repository/purchase_order.go:165.16,167.3 1 0
github.com/varobledo_meli/W17-G10-Bootcamp.git/internal/repository/purchase_order.go:169.2,169.17 1 0
github.com/varobledo_meli/W17-G10-Bootcamp.git/internal/repository/purchase_order.go:172.99,176.2 3 0
github.com/varobledo_meli/W17-G10-Bootcamp.git/internal/repository/purchase_order.go:178.126,180.16 2 0
github.com/varobledo_meli/W17-G10-Bootcamp.git/internal/repository/purchase_order.go:180.16,182.3 1 0
github.com/varobledo_meli/W17-G10-Bootcamp.git/internal/repository/purchase_order.go:183.2,186.18 3 0
github.com/varobledo_meli/W17-G10-Bootcamp.git/internal/repository/purchase_order.go:186.18,195.17 3 0
github.com/varobledo_meli/W17-G10-Bootcamp.git/internal/repository/purchase_order.go:195.17,197.4 1 0
github.com/varobledo_meli/W17-G10-Bootcamp.git/internal/repository/purchase_order.go:198.3,198.36 1 0
github.com/varobledo_meli/W17-G10-Bootcamp.git/internal/repository/purchase_order.go:201.2,201.34 1 0
github.com/varobledo_meli/W17-G10-Bootcamp.git/internal/repository/purchase_order.go:201.34,203.3 1 0
github.com/varobledo_meli/W17-G10-Bootcamp.git/internal/repository/purchase_order.go:205.2,205.23 1 0
github.com/varobledo_meli/W17-G10-Bootcamp.git/internal/repository/purchase_order.go:205.23,207.3 1 0
github.com/varobledo_meli/W17-G10-Bootcamp.git/internal/repository/purchase_order.go:209.2,209.21 1 0
github.com/varobledo_meli/W17-G10-Bootcamp.git/internal/repository/purchase_order.go:212.121,214.16 2 0
github.com/varobledo_meli/W17-G10-Bootcamp.git/internal/repository/purchase_order.go:214.16,216.3 1 0
github.com/varobledo_meli/W17-G10-Bootcamp.git/internal/repository/purchase_order.go:217.2,220.18 3 0
github.com/varobledo_meli/W17-G10-Bootcamp.git/internal/repository/purchase_order.go:220.18,229.17 3 0
github.com/varobledo_meli/W17-G10-Bootcamp.git/internal/repository/purchase_order.go:229.17,231.4 1 0
github.com/varobledo_meli/W17-G10-Bootcamp.git/internal/repository/purchase_order.go:232.3,232.36 1 0
github.com/varobledo_meli/W17-G10-Bootcamp.git/internal/repository/purchase_order.go:235.2,235.34 1 0
github.com/varobledo_meli/W17-G10-Bootcamp.git/internal/repository/purchase_order.go:235.34,237.3 1 0
github.com/varobledo_meli/W17-G10-Bootcamp.git/internal/repository/purchase_order.go:239.2,239.21 1 0
github.com/varobledo_meli/W17-G10-Bootcamp.git/internal/repository/section.go:22.92,24.16 2 0
github.com/varobledo_meli/W17-G10-Bootcamp.git/internal/repository/section.go:24.16,26.3 1 0
github.com/varobledo_meli/W17-G10-Bootcamp.git/internal/repository/section.go:27.2,31.18 3 0
github.com/varobledo_meli/W17-G10-Bootcamp.git/internal/repository/section.go:31.18,33.200 2 0
github.com/varobledo_meli/W17-G10-Bootcamp.git/internal/repository/section.go:33.200,35.4 1 0
github.com/varobledo_meli/W17-G10-Bootcamp.git/internal/repository/section.go:36.3,36.33 1 0
github.com/varobledo_meli/W17-G10-Bootcamp.git/internal/repository/section.go:39.2,39.35 1 0
github.com/varobledo_meli/W17-G10-Bootcamp.git/internal/repository/section.go:39.35,41.3 1 0
github.com/varobledo_meli/W17-G10-Bootcamp.git/internal/repository/section.go:42.2,42.22 1 0
github.com/varobledo_meli/W17-G10-Bootcamp.git/internal/repository/section.go:47.91,51.16 3 0
github.com/varobledo_meli/W17-G10-Bootcamp.git/internal/repository/section.go:51.16,52.36 1 0
github.com/varobledo_meli/W17-G10-Bootcamp.git/internal/repository/section.go:52.36,54.4 1 0
github.com/varobledo_meli/W17-G10-Bootcamp.git/internal/repository/section.go:55.3,55.127 1 0
github.com/varobledo_meli/W17-G10-Bootcamp.git/internal/repository/section.go:58.2,58.16 1 0
github.com/varobledo_meli/W17-G10-Bootcamp.git/internal/repository/section.go:63.77,65.16 2 0
github.com/varobledo_meli/W17-G10-Bootcamp.git/internal/repository/section.go:65.16,67.59 2 0
github.com/varobledo_meli/W17-G10-Bootcamp.git/internal/repository/section.go:67.59,69.4 1 0
github.com/varobledo_meli/W17-G10-Bootcamp.git/internal/repository/section.go:70.3,70.120 1 0
github.com/varobledo_meli/W17-G10-Bootcamp.git/internal/repository/section.go:72.2,73.16 2 0
github.com/varobledo_meli/W17-G10-Bootcamp.git/internal/repository/section.go:73.16,75.3 1 0
github.com/varobledo_meli/W17-G10-Bootcamp.git/internal/repository/section.go:76.2,76.15 1 0
github.com/varobledo_meli/W17-G10-Bootcamp.git/internal/repository/section.go:76.15,78.3 1 0
github.com/varobledo_meli/W17-G10-Bootcamp.git/internal/repository/section.go:79.2,79.12 1 0
github.com/varobledo_meli/W17-G10-Bootcamp.git/internal/repository/section.go:84.109,88.16 2 0
github.com/varobledo_meli/W17-G10-Bootcamp.git/internal/repository/section.go:88.16,90.59 2 0
github.com/varobledo_meli/W17-G10-Bootcamp.git/internal/repository/section.go:90.59,92.4 1 0
github.com/varobledo_meli/W17-G10-Bootcamp.git/internal/repository/section.go:93.3,93.59 1 0
github.com/varobledo_meli/W17-G10-Bootcamp.git/internal/repository/section.go:93.59,95.4 1 0
github.com/varobledo_meli/W17-G10-Bootcamp.git/internal/repository/section.go:96.3,96.125 1 0
github.com/varobledo_meli/W17-G10-Bootcamp.git/internal/repository/section.go:99.2,100.16 2 0
github.com/varobledo_meli/W17-G10-Bootcamp.git/internal/repository/section.go:100.16,102.3 1 0
github.com/varobledo_meli/W17-G10-Bootcamp.git/internal/repository/section.go:104.2,106.18 2 0
github.com/varobledo_meli/W17-G10-Bootcamp.git/internal/repository/section.go:111.118,116.16 2 0
github.com/varobledo_meli/W17-G10-Bootcamp.git/internal/repository/section.go:116.16,119.59 2 0
github.com/varobledo_meli/W17-G10-Bootcamp.git/internal/repository/section.go:119.59,121.4 1 0
github.com/varobledo_meli/W17-G10-Bootcamp.git/internal/repository/section.go:123.3,123.59 1 0
github.com/varobledo_meli/W17-G10-Bootcamp.git/internal/repository/section.go:123.59,125.4 1 0
github.com/varobledo_meli/W17-G10-Bootcamp.git/internal/repository/section.go:126.3,126.125 1 0
github.com/varobledo_meli/W17-G10-Bootcamp.git/internal/repository/section.go:129.2,130.16 2 0
github.com/varobledo_meli/W17-G10-Bootcamp.git/internal/repository/section.go:130.16,132.3 1 0
github.com/varobledo_meli/W17-G10-Bootcamp.git/internal/repository/section.go:133.2,133.15 1 0
github.com/varobledo_meli/W17-G10-Bootcamp.git/internal/repository/section.go:133.15,135.3 1 0
github.com/varobledo_meli/W17-G10-Bootcamp.git/internal/repository/section.go:137.2,137.17 1 0
github.com/varobledo_meli/W17-G10-Bootcamp.git/internal/repository/section_interface.go:24.57,26.2 1 0
github.com/varobledo_meli/W17-G10-Bootcamp.git/internal/repository/seller.go:22.97,28.16 2 0
github.com/varobledo_meli/W17-G10-Bootcamp.git/internal/repository/seller.go:28.16,29.50 1 0
github.com/varobledo_meli/W17-G10-Bootcamp.git/internal/repository/seller.go:29.50,30.27 1 0
github.com/varobledo_meli/W17-G10-Bootcamp.git/internal/repository/seller.go:31.14,32.12 1 0
github.com/varobledo_meli/W17-G10-Bootcamp.git/internal/repository/seller.go:33.52,34.175 1 0
github.com/varobledo_meli/W17-G10-Bootcamp.git/internal/repository/seller.go:35.60,36.180 1 0
github.com/varobledo_meli/W17-G10-Bootcamp.git/internal/repository/seller.go:37.13,38.154 1 0
github.com/varobledo_meli/W17-G10-Bootcamp.git/internal/repository/seller.go:40.14,41.182 1 0
github.com/varobledo_meli/W17-G10-Bootcamp.git/internal/repository/seller.go:44.3,44.151 1 0
github.com/varobledo_meli/W17-G10-Bootcamp.git/internal/repository/seller.go:47.2,48.16 2 0
github.com/varobledo_meli/W17-G10-Bootcamp.git/internal/repository/seller.go:48.16,50.3 1 0
github.com/varobledo_meli/W17-G10-Bootcamp.git/internal/repository/seller.go:51.2,52.16 2 0
github.com/varobledo_meli/W17-G10-Bootcamp.git/internal/repository/seller.go:55.87,61.16 2 0
github.com/varobledo_meli/W17-G10-Bootcamp.git/internal/repository/seller.go:61.16,62.50 1 0
github.com/varobledo_meli/W17-G10-Bootcamp.git/internal/repository/seller.go:62.50,63.27 1 0
github.com/varobledo_meli/W17-G10-Bootcamp.git/internal/repository/seller.go:64.14,65.12 1 0
github.com/varobledo_meli/W17-G10-Bootcamp.git/internal/repository/seller.go:66.52,67.170 1 0
github.com/varobledo_meli/W17-G10-Bootcamp.git/internal/repository/seller.go:68.60,69.178 1 0
github.com/varobledo_meli/W17-G10-Bootcamp.git/internal/repository/seller.go:70.13,71.149 1 0
github.com/varobledo_meli/W17-G10-Bootcamp.git/internal/repository/seller.go:73.14,74.177 1 0
github.com/varobledo_meli/W17-G10-Bootcamp.git/internal/repository/seller.go:77.3,77.146 1 0
github.com/varobledo_meli/W17-G10-Bootcamp.git/internal/repository/seller.go:80.2,80.12 1 0
github.com/varobledo_meli/W17-G10-Bootcamp.git/internal/repository/seller.go:83.70,85.16 2 0
github.com/varobledo_meli/W17-G10-Bootcamp.git/internal/repository/seller.go:85.16,86.77 1 0
github.com/varobledo_meli/W17-G10-Bootcamp.git/internal/repository/seller.go:86.77,88.4 1 0
github.com/varobledo_meli/W17-G10-Bootcamp.git/internal/repository/seller.go:89.3,89.148 1 0
github.com/varobledo_meli/W17-G10-Bootcamp.git/internal/repository/seller.go:92.2,93.16 2 0
github.com/varobledo_meli/W17-G10-Bootcamp.git/internal/repository/seller.go:93.16,95.3 1 0
github.com/varobledo_meli/W17-G10-Bootcamp.git/internal/repository/seller.go:96.2,96.23 1 0
github.com/varobledo_meli/W17-G10-Bootcamp.git/internal/repository/seller.go:96.23,98.3 1 0
github.com/varobledo_meli/W17-G10-Bootcamp.git/internal/repository/seller.go:100.2,100.12 1 0
github.com/varobledo_meli/W17-G10-Bootcamp.git/internal/repository/seller.go:103.82,105.16 2 0
github.com/varobledo_meli/W17-G10-Bootcamp.git/internal/repository/seller.go:105.16,107.3 1 0
github.com/varobledo_meli/W17-G10-Bootcamp.git/internal/repository/seller.go:108.2,111.18 3 0
github.com/varobledo_meli/W17-G10-Bootcamp.git/internal/repository/seller.go:111.18,114.17 3 0
github.com/varobledo_meli/W17-G10-Bootcamp.git/internal/repository/seller.go:114.17,116.4 1 0
github.com/varobledo_meli/W17-G10-Bootcamp.git/internal/repository/seller.go:117.3,117.31 1 0
github.com/varobledo_meli/W17-G10-Bootcamp.git/internal/repository/seller.go:120.2,120.35 1 0
github.com/varobledo_meli/W17-G10-Bootcamp.git/internal/repository/seller.go:120.35,122.3 1 0
github.com/varobledo_meli/W17-G10-Bootcamp.git/internal/repository/seller.go:124.2,124.21 1 0
github.com/varobledo_meli/W17-G10-Bootcamp.git/internal/repository/seller.go:127.90,131.16 4 0
github.com/varobledo_meli/W17-G10-Bootcamp.git/internal/repository/seller.go:131.16,132.27 1 0
github.com/varobledo_meli/W17-G10-Bootcamp.git/internal/repository/seller.go:132.27,134.4 1 0
github.com/varobledo_meli/W17-G10-Bootcamp.git/internal/repository/seller.go:135.3,135.126 1 0
github.com/varobledo_meli/W17-G10-Bootcamp.git/internal/repository/seller.go:138.2,138.16 1 0
github.com/varobledo_meli/W17-G10-Bootcamp.git/internal/repository/seller_interface.go:40.58,44.2 1 0
github.com/varobledo_meli/W17-G10-Bootcamp.git/internal/repository/warehouse.go:25.107,27.16 2 1
github.com/varobledo_meli/W17-G10-Bootcamp.git/internal/repository/warehouse.go:27.16,28.50 1 1
github.com/varobledo_meli/W17-G10-Bootcamp.git/internal/repository/warehouse.go:28.50,29.31 1 1
github.com/varobledo_meli/W17-G10-Bootcamp.git/internal/repository/warehouse.go:29.31,31.5 1 1
github.com/varobledo_meli/W17-G10-Bootcamp.git/internal/repository/warehouse.go:34.3,34.62 1 1
github.com/varobledo_meli/W17-G10-Bootcamp.git/internal/repository/warehouse.go:36.2,37.16 2 1
github.com/varobledo_meli/W17-G10-Bootcamp.git/internal/repository/warehouse.go:37.16,39.3 1 1
github.com/varobledo_meli/W17-G10-Bootcamp.git/internal/repository/warehouse.go:40.2,41.16 2 1
github.com/varobledo_meli/W17-G10-Bootcamp.git/internal/repository/warehouse.go:46.86,48.16 2 0
github.com/varobledo_meli/W17-G10-Bootcamp.git/internal/repository/warehouse.go:48.16,50.3 1 0
github.com/varobledo_meli/W17-G10-Bootcamp.git/internal/repository/warehouse.go:51.2,54.18 3 0
github.com/varobledo_meli/W17-G10-Bootcamp.git/internal/repository/warehouse.go:54.18,57.17 3 0
github.com/varobledo_meli/W17-G10-Bootcamp.git/internal/repository/warehouse.go:57.17,58.12 1 0
github.com/varobledo_meli/W17-G10-Bootcamp.git/internal/repository/warehouse.go:60.3,60.24 1 0
github.com/varobledo_meli/W17-G10-Bootcamp.git/internal/repository/warehouse.go:63.2,63.35 1 0
github.com/varobledo_meli/W17-G10-Bootcamp.git/internal/repository/warehouse.go:63.35,65.3 1 0
github.com/varobledo_meli/W17-G10-Bootcamp.git/internal/repository/warehouse.go:66.2,66.17 1 0
github.com/varobledo_meli/W17-G10-Bootcamp.git/internal/repository/warehouse.go:72.94,77.16 3 0
github.com/varobledo_meli/W17-G10-Bootcamp.git/internal/repository/warehouse.go:77.16,78.36 1 0
github.com/varobledo_meli/W17-G10-Bootcamp.git/internal/repository/warehouse.go:78.36,80.4 1 0
github.com/varobledo_meli/W17-G10-Bootcamp.git/internal/repository/warehouse.go:82.3,82.61 1 0
github.com/varobledo_meli/W17-G10-Bootcamp.git/internal/repository/warehouse.go:84.2,84.16 1 0
github.com/varobledo_meli/W17-G10-Bootcamp.git/internal/repository/warehouse.go:89.115,91.16 2 0
github.com/varobledo_meli/W17-G10-Bootcamp.git/internal/repository/warehouse.go:91.16,92.50 1 0
github.com/varobledo_meli/W17-G10-Bootcamp.git/internal/repository/warehouse.go:92.50,93.31 1 0
github.com/varobledo_meli/W17-G10-Bootcamp.git/internal/repository/warehouse.go:93.31,95.5 1 0
github.com/varobledo_meli/W17-G10-Bootcamp.git/internal/repository/warehouse.go:98.3,98.62 1 0
github.com/varobledo_meli/W17-G10-Bootcamp.git/internal/repository/warehouse.go:100.2,101.16 2 0
github.com/varobledo_meli/W17-G10-Bootcamp.git/internal/repository/warehouse.go:101.16,103.3 1 0
github.com/varobledo_meli/W17-G10-Bootcamp.git/internal/repository/warehouse.go:104.2,104.23 1 0
github.com/varobledo_meli/W17-G10-Bootcamp.git/internal/repository/warehouse.go:104.23,106.3 1 0
github.com/varobledo_meli/W17-G10-Bootcamp.git/internal/repository/warehouse.go:107.2,108.16 2 0
github.com/varobledo_meli/W17-G10-Bootcamp.git/internal/repository/warehouse.go:113.68,115.16 2 0
github.com/varobledo_meli/W17-G10-Bootcamp.git/internal/repository/warehouse.go:115.16,117.3 1 0
github.com/varobledo_meli/W17-G10-Bootcamp.git/internal/repository/warehouse.go:118.2,119.16 2 0
github.com/varobledo_meli/W17-G10-Bootcamp.git/internal/repository/warehouse.go:119.16,121.3 1 0
github.com/varobledo_meli/W17-G10-Bootcamp.git/internal/repository/warehouse.go:122.2,122.23 1 0
github.com/varobledo_meli/W17-G10-Bootcamp.git/internal/repository/warehouse.go:122.23,124.3 1 0
github.com/varobledo_meli/W17-G10-Bootcamp.git/internal/repository/warehouse.go:125.2,125.12 1 0
github.com/varobledo_meli/W17-G10-Bootcamp.git/internal/repository/warehouse_interface.go:22.57,24.2 1 1
