mode: set
github.com/varobledo_meli/W17-G10-Bootcamp.git/internal/service/employee/employee.go:21.105,26.2 1 1
github.com/varobledo_meli/W17-G10-Bootcamp.git/internal/service/employee/employee.go:29.101,30.55 1 1
github.com/varobledo_meli/W17-G10-Bootcamp.git/internal/service/employee/employee.go:30.55,32.3 1 1
github.com/varobledo_meli/W17-G10-Bootcamp.git/internal/service/employee/employee.go:33.2,34.18 2 1
github.com/varobledo_meli/W17-G10-Bootcamp.git/internal/service/employee/employee.go:34.18,36.73 2 1
github.com/varobledo_meli/W17-G10-Bootcamp.git/internal/service/employee/employee.go:36.73,38.4 1 1
github.com/varobledo_meli/W17-G10-Bootcamp.git/internal/service/employee/employee.go:39.3,39.70 1 1
github.com/varobledo_meli/W17-G10-Bootcamp.git/internal/service/employee/employee.go:41.2,41.22 1 1
github.com/varobledo_meli/W17-G10-Bootcamp.git/internal/service/employee/employee.go:41.22,43.3 1 1
github.com/varobledo_meli/W17-G10-Bootcamp.git/internal/service/employee/employee.go:44.2,45.16 2 1
github.com/varobledo_meli/W17-G10-Bootcamp.git/internal/service/employee/employee.go:45.16,47.3 1 1
github.com/varobledo_meli/W17-G10-Bootcamp.git/internal/service/employee/employee.go:48.2,48.16 1 1
github.com/varobledo_meli/W17-G10-Bootcamp.git/internal/service/employee/employee.go:48.16,50.3 1 1
github.com/varobledo_meli/W17-G10-Bootcamp.git/internal/service/employee/employee.go:51.2,51.30 1 1
github.com/varobledo_meli/W17-G10-Bootcamp.git/internal/service/employee/employee.go:55.84,57.16 2 1
github.com/varobledo_meli/W17-G10-Bootcamp.git/internal/service/employee/employee.go:57.16,59.3 1 1
github.com/varobledo_meli/W17-G10-Bootcamp.git/internal/service/employee/employee.go:60.2,60.18 1 1
github.com/varobledo_meli/W17-G10-Bootcamp.git/internal/service/employee/employee.go:64.91,65.58 1 1
github.com/varobledo_meli/W17-G10-Bootcamp.git/internal/service/employee/employee.go:65.58,67.3 1 1
github.com/varobledo_meli/W17-G10-Bootcamp.git/internal/service/employee/employee.go:68.2,69.16 2 1
github.com/varobledo_meli/W17-G10-Bootcamp.git/internal/service/employee/employee.go:69.16,71.3 1 1
github.com/varobledo_meli/W17-G10-Bootcamp.git/internal/service/employee/employee.go:72.2,72.16 1 1
github.com/varobledo_meli/W17-G10-Bootcamp.git/internal/service/employee/employee.go:72.16,74.3 1 1
github.com/varobledo_meli/W17-G10-Bootcamp.git/internal/service/employee/employee.go:75.2,75.17 1 1
github.com/varobledo_meli/W17-G10-Bootcamp.git/internal/service/employee/employee.go:79.118,80.64 1 1
github.com/varobledo_meli/W17-G10-Bootcamp.git/internal/service/employee/employee.go:80.64,82.3 1 1
github.com/varobledo_meli/W17-G10-Bootcamp.git/internal/service/employee/employee.go:83.2,83.13 1 1
github.com/varobledo_meli/W17-G10-Bootcamp.git/internal/service/employee/employee.go:83.13,85.3 1 1
github.com/varobledo_meli/W17-G10-Bootcamp.git/internal/service/employee/employee.go:86.2,87.16 2 1
github.com/varobledo_meli/W17-G10-Bootcamp.git/internal/service/employee/employee.go:87.16,89.3 1 1
github.com/varobledo_meli/W17-G10-Bootcamp.git/internal/service/employee/employee.go:90.2,90.18 1 1
github.com/varobledo_meli/W17-G10-Bootcamp.git/internal/service/employee/employee.go:90.18,92.3 1 0
github.com/varobledo_meli/W17-G10-Bootcamp.git/internal/service/employee/employee.go:93.2,93.31 1 1
github.com/varobledo_meli/W17-G10-Bootcamp.git/internal/service/employee/employee.go:93.31,95.17 2 1
github.com/varobledo_meli/W17-G10-Bootcamp.git/internal/service/employee/employee.go:95.17,97.4 1 0
github.com/varobledo_meli/W17-G10-Bootcamp.git/internal/service/employee/employee.go:98.3,98.33 1 1
github.com/varobledo_meli/W17-G10-Bootcamp.git/internal/service/employee/employee.go:98.33,100.4 1 1
github.com/varobledo_meli/W17-G10-Bootcamp.git/internal/service/employee/employee.go:101.3,101.43 1 0
github.com/varobledo_meli/W17-G10-Bootcamp.git/internal/service/employee/employee.go:103.2,103.28 1 1
github.com/varobledo_meli/W17-G10-Bootcamp.git/internal/service/employee/employee.go:103.28,105.3 1 1
github.com/varobledo_meli/W17-G10-Bootcamp.git/internal/service/employee/employee.go:106.2,106.27 1 1
github.com/varobledo_meli/W17-G10-Bootcamp.git/internal/service/employee/employee.go:106.27,108.3 1 0
github.com/varobledo_meli/W17-G10-Bootcamp.git/internal/service/employee/employee.go:109.2,109.57 1 1
github.com/varobledo_meli/W17-G10-Bootcamp.git/internal/service/employee/employee.go:109.57,111.19 2 1
github.com/varobledo_meli/W17-G10-Bootcamp.git/internal/service/employee/employee.go:111.19,113.74 2 1
github.com/varobledo_meli/W17-G10-Bootcamp.git/internal/service/employee/employee.go:113.74,115.5 1 1
github.com/varobledo_meli/W17-G10-Bootcamp.git/internal/service/employee/employee.go:116.4,116.71 1 1
github.com/varobledo_meli/W17-G10-Bootcamp.git/internal/service/employee/employee.go:118.3,118.23 1 1
github.com/varobledo_meli/W17-G10-Bootcamp.git/internal/service/employee/employee.go:118.23,120.4 1 1
github.com/varobledo_meli/W17-G10-Bootcamp.git/internal/service/employee/employee.go:121.3,121.41 1 0
github.com/varobledo_meli/W17-G10-Bootcamp.git/internal/service/employee/employee.go:123.2,123.54 1 1
github.com/varobledo_meli/W17-G10-Bootcamp.git/internal/service/employee/employee.go:123.54,125.3 1 1
github.com/varobledo_meli/W17-G10-Bootcamp.git/internal/service/employee/employee.go:126.2,127.16 2 1
github.com/varobledo_meli/W17-G10-Bootcamp.git/internal/service/employee/employee.go:127.16,129.3 1 1
github.com/varobledo_meli/W17-G10-Bootcamp.git/internal/service/employee/employee.go:130.2,130.21 1 1
github.com/varobledo_meli/W17-G10-Bootcamp.git/internal/service/employee/employee.go:134.69,135.58 1 1
github.com/varobledo_meli/W17-G10-Bootcamp.git/internal/service/employee/employee.go:135.58,137.3 1 1
github.com/varobledo_meli/W17-G10-Bootcamp.git/internal/service/employee/employee.go:138.2,139.16 2 1
github.com/varobledo_meli/W17-G10-Bootcamp.git/internal/service/employee/employee.go:139.16,141.3 1 1
github.com/varobledo_meli/W17-G10-Bootcamp.git/internal/service/employee/employee.go:142.2,142.18 1 1
github.com/varobledo_meli/W17-G10-Bootcamp.git/internal/service/employee/employee.go:142.18,144.3 1 1
github.com/varobledo_meli/W17-G10-Bootcamp.git/internal/service/employee/employee.go:145.2,145.47 1 1
github.com/varobledo_meli/W17-G10-Bootcamp.git/internal/service/employee/employee.go:145.47,147.3 1 1
github.com/varobledo_meli/W17-G10-Bootcamp.git/internal/service/employee/employee.go:148.2,148.12 1 1
